DEPRECATION WARNING: config.action_view.debug_rjs will be removed in 3.1, from 3.1 onwards you will need to install prototype-rails to continue to use RJS templates . (called from service at /System/Library/Frameworks/Ruby.framework/Versions/1.8/usr/lib/ruby/1.8/webrick/httpserver.rb:104)
DEPRECATION WARNING: You are using the old router DSL which will be removed in Rails 3.1. Please check how to update your routes file at: http://www.engineyard.com/blog/2010/the-lowdown-on-routes-in-rails-3/. (called from /Users/ascott/Projects/tw/ladygaga/config/routes.rb:1)
DEPRECATION WARNING: config.action_view.debug_rjs will be removed in 3.1, from 3.1 onwards you will need to install prototype-rails to continue to use RJS templates . (called from /Users/ascott/Projects/tw/ladygaga/config/routes.rb:2)
DEPRECATION WARNING: You are using the old router DSL which will be removed in Rails 3.1. Please check how to update your routes file at: http://www.engineyard.com/blog/2010/the-lowdown-on-routes-in-rails-3/. (called from /Users/ascott/Projects/tw/ladygaga/config/routes.rb:1)
DEPRECATION WARNING: config.action_view.debug_rjs will be removed in 3.1, from 3.1 onwards you will need to install prototype-rails to continue to use RJS templates . (called from /Users/ascott/Projects/tw/ladygaga/config/routes.rb:2)
  [1m[36mSQL (0.2ms)[0m  [1m SELECT name
 FROM sqlite_master
 WHERE type = 'table' AND NOT name = 'sqlite_sequence'
[0m
  [1m[35mSQL (0.1ms)[0m  select sqlite_version(*)
  [1m[36mSQL (1.5ms)[0m  [1mCREATE TABLE "schema_migrations" ("version" varchar(255) NOT NULL) [0m
  [1m[35mSQL (0.0ms)[0m  PRAGMA index_list("schema_migrations")
  [1m[36mSQL (1.3ms)[0m  [1mCREATE UNIQUE INDEX "unique_schema_migrations" ON "schema_migrations" ("version")[0m
  [1m[35mSQL (0.1ms)[0m   SELECT name
 FROM sqlite_master
 WHERE type = 'table' AND NOT name = 'sqlite_sequence'
  [1m[36mSQL (0.2ms)[0m  [1m SELECT name
 FROM sqlite_master
 WHERE type = 'table' AND NOT name = 'sqlite_sequence'
[0m
  [1m[35mSQL (0.1ms)[0m   SELECT name
 FROM sqlite_master
 WHERE type = 'table' AND NOT name = 'sqlite_sequence'
  [1m[36mSQL (0.1ms)[0m  [1mSELECT "schema_migrations"."version" FROM "schema_migrations"[0m
  [1m[35mSQL (0.1ms)[0m   SELECT name
 FROM sqlite_master
 WHERE type = 'table' AND NOT name = 'sqlite_sequence'
DEPRECATION WARNING: You are using the old router DSL which will be removed in Rails 3.1. Please check how to update your routes file at: http://www.engineyard.com/blog/2010/the-lowdown-on-routes-in-rails-3/. (called from /Users/ascott/Projects/tw/ladygaga/config/routes.rb:1)
DEPRECATION WARNING: config.action_view.debug_rjs will be removed in 3.1, from 3.1 onwards you will need to install prototype-rails to continue to use RJS templates . (called from /Users/ascott/Projects/tw/ladygaga/config/routes.rb:2)
  [1m[36mSQL (0.3ms)[0m  [1m SELECT name
 FROM sqlite_master
 WHERE type = 'table' AND NOT name = 'sqlite_sequence'
[0m
  [1m[35mSQL (0.1ms)[0m  select sqlite_version(*)
  [1m[36mSQL (0.1ms)[0m  [1m SELECT name
 FROM sqlite_master
 WHERE type = 'table' AND NOT name = 'sqlite_sequence'
[0m
  [1m[35mSQL (0.1ms)[0m   SELECT name
 FROM sqlite_master
 WHERE type = 'table' AND NOT name = 'sqlite_sequence'
  [1m[36mSQL (0.1ms)[0m  [1mSELECT "schema_migrations"."version" FROM "schema_migrations"[0m
  [1m[35mSQL (0.1ms)[0m   SELECT name
 FROM sqlite_master
 WHERE type = 'table' AND NOT name = 'sqlite_sequence'
DEPRECATION WARNING: You are using the old router DSL which will be removed in Rails 3.1. Please check how to update your routes file at: http://www.engineyard.com/blog/2010/the-lowdown-on-routes-in-rails-3/. (called from /Users/ascott/Projects/tw/ladygaga/config/routes.rb:1)
DEPRECATION WARNING: config.action_view.debug_rjs will be removed in 3.1, from 3.1 onwards you will need to install prototype-rails to continue to use RJS templates . (called from /Users/ascott/Projects/tw/ladygaga/config/routes.rb:2)


Started GET "/rails/info/properties" for 127.0.0.1 at Sat Aug 06 12:35:54 +0800 2011
  Processing by Rails::InfoController#properties as 
  [1m[36mSQL (0.3ms)[0m  [1m SELECT name
 FROM sqlite_master
 WHERE type = 'table' AND NOT name = 'sqlite_sequence'
[0m
  [1m[35mSQL (0.1ms)[0m   SELECT name
 FROM sqlite_master
 WHERE type = 'table' AND NOT name = 'sqlite_sequence'
  [1m[36mSQL (0.1ms)[0m  [1mSELECT "schema_migrations"."version" FROM "schema_migrations"[0m
Rendered inline template (0.3ms)
Completed 200 OK in 74ms (Views: 1.2ms | ActiveRecord: 0.5ms)
DEPRECATION WARNING: config.action_view.debug_rjs will be removed in 3.1, from 3.1 onwards you will need to install prototype-rails to continue to use RJS templates . (called from service at /System/Library/Frameworks/Ruby.framework/Versions/1.8/usr/lib/ruby/1.8/webrick/httpserver.rb:104)


Started GET "/vbeuvbei" for 127.0.0.1 at Sat Aug 06 12:37:32 +0800 2011

ActionController::RoutingError (No route matches "/vbeuvbei"):
  

Rendered vendor/bundle_gems/ruby/1.8/gems/actionpack-3.0.9/lib/action_dispatch/middleware/templates/rescues/routing_error.erb within rescues/layout (0.7ms)


Started GET "/login" for 127.0.0.1 at Sat Aug 06 12:37:55 +0800 2011

ActionController::RoutingError (No route matches "/login"):
  

Rendered vendor/bundle_gems/ruby/1.8/gems/actionpack-3.0.9/lib/action_dispatch/middleware/templates/rescues/routing_error.erb within rescues/layout (0.7ms)
DEPRECATION WARNING: config.action_view.debug_rjs will be removed in 3.1, from 3.1 onwards you will need to install prototype-rails to continue to use RJS templates . (called from service at /System/Library/Frameworks/Ruby.framework/Versions/1.8/usr/lib/ruby/1.8/webrick/httpserver.rb:104)


Started GET "/login" for 127.0.0.1 at Sat Aug 06 12:38:41 +0800 2011

ActionController::RoutingError (uninitialized constant LoginsController):
  

Rendered vendor/bundle_gems/ruby/1.8/gems/actionpack-3.0.9/lib/action_dispatch/middleware/templates/rescues/routing_error.erb within rescues/layout (0.7ms)
DEPRECATION WARNING: config.action_view.debug_rjs will be removed in 3.1, from 3.1 onwards you will need to install prototype-rails to continue to use RJS templates . (called from service at /System/Library/Frameworks/Ruby.framework/Versions/1.8/usr/lib/ruby/1.8/webrick/httpserver.rb:104)


Started GET "/login" for 127.0.0.1 at Sat Aug 06 12:40:10 +0800 2011

NoMethodError (undefined method `action' for LoginsController:Class):
  

Rendered vendor/bundle_gems/ruby/1.8/gems/actionpack-3.0.9/lib/action_dispatch/middleware/templates/rescues/_trace.erb (1.0ms)
Rendered vendor/bundle_gems/ruby/1.8/gems/actionpack-3.0.9/lib/action_dispatch/middleware/templates/rescues/_request_and_response.erb (2.5ms)
Rendered vendor/bundle_gems/ruby/1.8/gems/actionpack-3.0.9/lib/action_dispatch/middleware/templates/rescues/diagnostics.erb within rescues/layout (9.2ms)


Started GET "/login/index" for 127.0.0.1 at Sat Aug 06 12:40:19 +0800 2011

ActionController::RoutingError (No route matches "/login/index"):
  

Rendered vendor/bundle_gems/ruby/1.8/gems/actionpack-3.0.9/lib/action_dispatch/middleware/templates/rescues/routing_error.erb within rescues/layout (0.7ms)


Started GET "/login/index" for 127.0.0.1 at Sat Aug 06 12:40:39 +0800 2011

ActionController::RoutingError (No route matches "/login/index"):
  

Rendered vendor/bundle_gems/ruby/1.8/gems/actionpack-3.0.9/lib/action_dispatch/middleware/templates/rescues/routing_error.erb within rescues/layout (0.8ms)


Started GET "/login" for 127.0.0.1 at Sat Aug 06 12:40:48 +0800 2011

NoMethodError (undefined method `action' for LoginsController:Class):
  

Rendered vendor/bundle_gems/ruby/1.8/gems/actionpack-3.0.9/lib/action_dispatch/middleware/templates/rescues/_trace.erb (0.9ms)
Rendered vendor/bundle_gems/ruby/1.8/gems/actionpack-3.0.9/lib/action_dispatch/middleware/templates/rescues/_request_and_response.erb (1.5ms)
Rendered vendor/bundle_gems/ruby/1.8/gems/actionpack-3.0.9/lib/action_dispatch/middleware/templates/rescues/diagnostics.erb within rescues/layout (7.4ms)
DEPRECATION WARNING: config.action_view.debug_rjs will be removed in 3.1, from 3.1 onwards you will need to install prototype-rails to continue to use RJS templates . (called from service at /System/Library/Frameworks/Ruby.framework/Versions/1.8/usr/lib/ruby/1.8/webrick/httpserver.rb:104)


Started GET "/login" for 127.0.0.1 at Sat Aug 06 12:43:16 +0800 2011

NoMethodError (undefined method `action' for LoginController:Class):
  

Rendered vendor/bundle_gems/ruby/1.8/gems/actionpack-3.0.9/lib/action_dispatch/middleware/templates/rescues/_trace.erb (1.0ms)
Rendered vendor/bundle_gems/ruby/1.8/gems/actionpack-3.0.9/lib/action_dispatch/middleware/templates/rescues/_request_and_response.erb (2.6ms)
Rendered vendor/bundle_gems/ruby/1.8/gems/actionpack-3.0.9/lib/action_dispatch/middleware/templates/rescues/diagnostics.erb within rescues/layout (8.7ms)


Started GET "/login" for 127.0.0.1 at Sat Aug 06 12:44:06 +0800 2011
  Processing by LoginController#index as HTML
ERROR: compiling _app_views_login_index_html_erb__2134348163_2183386520_0 RAISED compile error
/Users/ascott/Projects/tw/ladygaga/app/views/login/index.html.erb:6: syntax error, unexpected tREGEXP_BEG, expecting kDO or '{' or '('
...tput_buffer.safe_concat('<br />
                              ^
/Users/ascott/Projects/tw/ladygaga/app/views/login/index.html.erb:6: unterminated string meets end of file
Function body:           def _app_views_login_index_html_erb__2134348163_2183386520_0(local_assigns)
            _old_virtual_path, @_virtual_path = @_virtual_path, "login/index";_old_output_buffer = @output_buffer;;@output_buffer = ActionView::OutputBuffer.new;@output_buffer.append= ( fb_connect_async_js );@output_buffer.safe_concat('
'); if current_facebook_user 
@output_buffer.safe_concat('  ');@output_buffer.append= ( "Welcome #{current_facebook_user.first_name} #{current_facebook_user.last_name}!" );@output_buffer.safe_concat('
');@output_buffer.safe_concat('  or 
  ');@output_buffer.append= ( "Hello #{fb_name(current_facebook_user, :useyou => false)}!" # link to facebook profile );@output_buffer.safe_concat('
');@output_buffer.safe_concat('  ');@output_buffer.append= ( fb_logout_link("Logout of fb", request.url) );@output_buffer.safe_concat('<br />
'); else
   # you must explicitly request permissions for facebook user fields.
   # here we instruct facebook to ask the user for permission for our website
   # to access the user's facebook email and birthday
   
@output_buffer.safe_concat('  ');@output_buffer.append= ( fb_login_and_redirect('<your URL here>', :perms => 'email,user_birthday') );@output_buffer.safe_concat('
'); end ;@output_buffer.to_s
          ensure
            @_virtual_path, @output_buffer = _old_virtual_path, _old_output_buffer
          end
Backtrace: /Users/ascott/Projects/tw/ladygaga/app/views/login/index.html.erb:6:in `compile'
/Users/ascott/Projects/tw/ladygaga/vendor/bundle_gems/ruby/1.8/gems/actionpack-3.0.9/lib/action_view/template.rb:134:in `render'
/Users/ascott/Projects/tw/ladygaga/vendor/bundle_gems/ruby/1.8/gems/activesupport-3.0.9/lib/active_support/notifications.rb:54:in `instrument'
/Users/ascott/Projects/tw/ladygaga/vendor/bundle_gems/ruby/1.8/gems/actionpack-3.0.9/lib/action_view/template.rb:127:in `render'
/Users/ascott/Projects/tw/ladygaga/vendor/bundle_gems/ruby/1.8/gems/actionpack-3.0.9/lib/action_view/render/rendering.rb:59:in `_render_template'
/Users/ascott/Projects/tw/ladygaga/vendor/bundle_gems/ruby/1.8/gems/activesupport-3.0.9/lib/active_support/notifications.rb:52:in `instrument'
/Users/ascott/Projects/tw/ladygaga/vendor/bundle_gems/ruby/1.8/gems/activesupport-3.0.9/lib/active_support/notifications/instrumenter.rb:21:in `instrument'
/Users/ascott/Projects/tw/ladygaga/vendor/bundle_gems/ruby/1.8/gems/activesupport-3.0.9/lib/active_support/notifications.rb:52:in `instrument'
/Users/ascott/Projects/tw/ladygaga/vendor/bundle_gems/ruby/1.8/gems/actionpack-3.0.9/lib/action_view/render/rendering.rb:56:in `_render_template'
/Users/ascott/Projects/tw/ladygaga/vendor/bundle_gems/ruby/1.8/gems/actionpack-3.0.9/lib/action_view/render/rendering.rb:26:in `render'
/Users/ascott/Projects/tw/ladygaga/vendor/bundle_gems/ruby/1.8/gems/actionpack-3.0.9/lib/abstract_controller/rendering.rb:115:in `_render_template'
/Users/ascott/Projects/tw/ladygaga/vendor/bundle_gems/ruby/1.8/gems/actionpack-3.0.9/lib/abstract_controller/rendering.rb:109:in `render_to_body'
/Users/ascott/Projects/tw/ladygaga/vendor/bundle_gems/ruby/1.8/gems/actionpack-3.0.9/lib/action_controller/metal/renderers.rb:47:in `render_to_body'
/Users/ascott/Projects/tw/ladygaga/vendor/bundle_gems/ruby/1.8/gems/actionpack-3.0.9/lib/action_controller/metal/compatibility.rb:55:in `render_to_body'
/Users/ascott/Projects/tw/ladygaga/vendor/bundle_gems/ruby/1.8/gems/actionpack-3.0.9/lib/abstract_controller/rendering.rb:102:in `render_to_string'
/Users/ascott/Projects/tw/ladygaga/vendor/bundle_gems/ruby/1.8/gems/actionpack-3.0.9/lib/abstract_controller/rendering.rb:93:in `render'
/Users/ascott/Projects/tw/ladygaga/vendor/bundle_gems/ruby/1.8/gems/actionpack-3.0.9/lib/action_controller/metal/rendering.rb:17:in `render'
/Users/ascott/Projects/tw/ladygaga/vendor/bundle_gems/ruby/1.8/gems/actionpack-3.0.9/lib/action_controller/metal/instrumentation.rb:40:in `render'
/Users/ascott/Projects/tw/ladygaga/vendor/bundle_gems/ruby/1.8/gems/activesupport-3.0.9/lib/active_support/core_ext/benchmark.rb:5:in `ms'
/System/Library/Frameworks/Ruby.framework/Versions/1.8/usr/lib/ruby/1.8/benchmark.rb:308:in `realtime'
/Users/ascott/Projects/tw/ladygaga/vendor/bundle_gems/ruby/1.8/gems/activesupport-3.0.9/lib/active_support/core_ext/benchmark.rb:5:in `ms'
/Users/ascott/Projects/tw/ladygaga/vendor/bundle_gems/ruby/1.8/gems/actionpack-3.0.9/lib/action_controller/metal/instrumentation.rb:40:in `render'
/Users/ascott/Projects/tw/ladygaga/vendor/bundle_gems/ruby/1.8/gems/actionpack-3.0.9/lib/action_controller/metal/instrumentation.rb:78:in `cleanup_view_runtime'
/Users/ascott/Projects/tw/ladygaga/vendor/bundle_gems/ruby/1.8/gems/activerecord-3.0.9/lib/active_record/railties/controller_runtime.rb:15:in `cleanup_view_runtime'
/Users/ascott/Projects/tw/ladygaga/vendor/bundle_gems/ruby/1.8/gems/actionpack-3.0.9/lib/action_controller/metal/instrumentation.rb:39:in `render'
/Users/ascott/Projects/tw/ladygaga/vendor/bundle_gems/ruby/1.8/gems/actionpack-3.0.9/lib/action_controller/metal/implicit_render.rb:10:in `default_render'
/Users/ascott/Projects/tw/ladygaga/vendor/bundle_gems/ruby/1.8/gems/actionpack-3.0.9/lib/action_controller/metal/implicit_render.rb:5:in `send_action'
/Users/ascott/Projects/tw/ladygaga/vendor/bundle_gems/ruby/1.8/gems/actionpack-3.0.9/lib/abstract_controller/base.rb:150:in `process_action'
/Users/ascott/Projects/tw/ladygaga/vendor/bundle_gems/ruby/1.8/gems/actionpack-3.0.9/lib/action_controller/metal/rendering.rb:11:in `process_action'
/Users/ascott/Projects/tw/ladygaga/vendor/bundle_gems/ruby/1.8/gems/actionpack-3.0.9/lib/abstract_controller/callbacks.rb:18:in `process_action'
/Users/ascott/Projects/tw/ladygaga/vendor/bundle_gems/ruby/1.8/gems/activesupport-3.0.9/lib/active_support/callbacks.rb:436:in `_run__1761338563__process_action__199225275__callbacks'
/Users/ascott/Projects/tw/ladygaga/vendor/bundle_gems/ruby/1.8/gems/activesupport-3.0.9/lib/active_support/callbacks.rb:410:in `send'
/Users/ascott/Projects/tw/ladygaga/vendor/bundle_gems/ruby/1.8/gems/activesupport-3.0.9/lib/active_support/callbacks.rb:410:in `_run_process_action_callbacks'
/Users/ascott/Projects/tw/ladygaga/vendor/bundle_gems/ruby/1.8/gems/activesupport-3.0.9/lib/active_support/callbacks.rb:94:in `send'
/Users/ascott/Projects/tw/ladygaga/vendor/bundle_gems/ruby/1.8/gems/activesupport-3.0.9/lib/active_support/callbacks.rb:94:in `run_callbacks'
/Users/ascott/Projects/tw/ladygaga/vendor/bundle_gems/ruby/1.8/gems/actionpack-3.0.9/lib/abstract_controller/callbacks.rb:17:in `process_action'
/Users/ascott/Projects/tw/ladygaga/vendor/bundle_gems/ruby/1.8/gems/actionpack-3.0.9/lib/action_controller/metal/instrumentation.rb:30:in `process_action'
/Users/ascott/Projects/tw/ladygaga/vendor/bundle_gems/ruby/1.8/gems/activesupport-3.0.9/lib/active_support/notifications.rb:52:in `instrument'
/Users/ascott/Projects/tw/ladygaga/vendor/bundle_gems/ruby/1.8/gems/activesupport-3.0.9/lib/active_support/notifications/instrumenter.rb:21:in `instrument'
/Users/ascott/Projects/tw/ladygaga/vendor/bundle_gems/ruby/1.8/gems/activesupport-3.0.9/lib/active_support/notifications.rb:52:in `instrument'
/Users/ascott/Projects/tw/ladygaga/vendor/bundle_gems/ruby/1.8/gems/actionpack-3.0.9/lib/action_controller/metal/instrumentation.rb:29:in `process_action'
/Users/ascott/Projects/tw/ladygaga/vendor/bundle_gems/ruby/1.8/gems/actionpack-3.0.9/lib/action_controller/metal/rescue.rb:17:in `process_action'
/Users/ascott/Projects/tw/ladygaga/vendor/bundle_gems/ruby/1.8/gems/actionpack-3.0.9/lib/abstract_controller/base.rb:119:in `process'
/Users/ascott/Projects/tw/ladygaga/vendor/bundle_gems/ruby/1.8/gems/actionpack-3.0.9/lib/abstract_controller/rendering.rb:41:in `process'
/Users/ascott/Projects/tw/ladygaga/vendor/bundle_gems/ruby/1.8/gems/actionpack-3.0.9/lib/action_controller/metal.rb:138:in `dispatch'
/Users/ascott/Projects/tw/ladygaga/vendor/bundle_gems/ruby/1.8/gems/actionpack-3.0.9/lib/action_controller/metal/rack_delegation.rb:14:in `dispatch'
/Users/ascott/Projects/tw/ladygaga/vendor/bundle_gems/ruby/1.8/gems/actionpack-3.0.9/lib/action_controller/metal.rb:178:in `action'
/Users/ascott/Projects/tw/ladygaga/vendor/bundle_gems/ruby/1.8/gems/actionpack-3.0.9/lib/action_dispatch/routing/route_set.rb:62:in `call'
/Users/ascott/Projects/tw/ladygaga/vendor/bundle_gems/ruby/1.8/gems/actionpack-3.0.9/lib/action_dispatch/routing/route_set.rb:62:in `dispatch'
/Users/ascott/Projects/tw/ladygaga/vendor/bundle_gems/ruby/1.8/gems/actionpack-3.0.9/lib/action_dispatch/routing/route_set.rb:27:in `call'
/Users/ascott/Projects/tw/ladygaga/vendor/bundle_gems/ruby/1.8/gems/rack-mount-0.6.14/lib/rack/mount/route_set.rb:148:in `call'
/Users/ascott/Projects/tw/ladygaga/vendor/bundle_gems/ruby/1.8/gems/rack-mount-0.6.14/lib/rack/mount/code_generation.rb:93:in `recognize'
/Users/ascott/Projects/tw/ladygaga/vendor/bundle_gems/ruby/1.8/gems/rack-mount-0.6.14/lib/rack/mount/code_generation.rb:68:in `optimized_each'
/Users/ascott/Projects/tw/ladygaga/vendor/bundle_gems/ruby/1.8/gems/rack-mount-0.6.14/lib/rack/mount/code_generation.rb:92:in `recognize'
/Users/ascott/Projects/tw/ladygaga/vendor/bundle_gems/ruby/1.8/gems/rack-mount-0.6.14/lib/rack/mount/route_set.rb:139:in `call'
/Users/ascott/Projects/tw/ladygaga/vendor/bundle_gems/ruby/1.8/gems/actionpack-3.0.9/lib/action_dispatch/routing/route_set.rb:493:in `call'
/Users/ascott/Projects/tw/ladygaga/vendor/bundle_gems/ruby/1.8/gems/actionpack-3.0.9/lib/action_dispatch/middleware/best_standards_support.rb:17:in `call'
/Users/ascott/Projects/tw/ladygaga/vendor/bundle_gems/ruby/1.8/gems/actionpack-3.0.9/lib/action_dispatch/middleware/head.rb:14:in `call'
/Users/ascott/Projects/tw/ladygaga/vendor/bundle_gems/ruby/1.8/gems/rack-1.2.3/lib/rack/methodoverride.rb:24:in `call'
/Users/ascott/Projects/tw/ladygaga/vendor/bundle_gems/ruby/1.8/gems/actionpack-3.0.9/lib/action_dispatch/middleware/params_parser.rb:21:in `call'
/Users/ascott/Projects/tw/ladygaga/vendor/bundle_gems/ruby/1.8/gems/actionpack-3.0.9/lib/action_dispatch/middleware/flash.rb:182:in `call'
/Users/ascott/Projects/tw/ladygaga/vendor/bundle_gems/ruby/1.8/gems/actionpack-3.0.9/lib/action_dispatch/middleware/session/abstract_store.rb:149:in `call'
/Users/ascott/Projects/tw/ladygaga/vendor/bundle_gems/ruby/1.8/gems/actionpack-3.0.9/lib/action_dispatch/middleware/cookies.rb:302:in `call'
/Users/ascott/Projects/tw/ladygaga/vendor/bundle_gems/ruby/1.8/gems/activerecord-3.0.9/lib/active_record/query_cache.rb:32:in `call'
/Users/ascott/Projects/tw/ladygaga/vendor/bundle_gems/ruby/1.8/gems/activerecord-3.0.9/lib/active_record/connection_adapters/abstract/query_cache.rb:28:in `cache'
/Users/ascott/Projects/tw/ladygaga/vendor/bundle_gems/ruby/1.8/gems/activerecord-3.0.9/lib/active_record/query_cache.rb:12:in `cache'
/Users/ascott/Projects/tw/ladygaga/vendor/bundle_gems/ruby/1.8/gems/activerecord-3.0.9/lib/active_record/query_cache.rb:31:in `call'
/Users/ascott/Projects/tw/ladygaga/vendor/bundle_gems/ruby/1.8/gems/activerecord-3.0.9/lib/active_record/connection_adapters/abstract/connection_pool.rb:354:in `call'
/Users/ascott/Projects/tw/ladygaga/vendor/bundle_gems/ruby/1.8/gems/actionpack-3.0.9/lib/action_dispatch/middleware/callbacks.rb:46:in `call'
/Users/ascott/Projects/tw/ladygaga/vendor/bundle_gems/ruby/1.8/gems/activesupport-3.0.9/lib/active_support/callbacks.rb:416:in `_run_call_callbacks'
/Users/ascott/Projects/tw/ladygaga/vendor/bundle_gems/ruby/1.8/gems/actionpack-3.0.9/lib/action_dispatch/middleware/callbacks.rb:44:in `call'
/Users/ascott/Projects/tw/ladygaga/vendor/bundle_gems/ruby/1.8/gems/rack-1.2.3/lib/rack/sendfile.rb:107:in `call'
/Users/ascott/Projects/tw/ladygaga/vendor/bundle_gems/ruby/1.8/gems/actionpack-3.0.9/lib/action_dispatch/middleware/remote_ip.rb:48:in `call'
/Users/ascott/Projects/tw/ladygaga/vendor/bundle_gems/ruby/1.8/gems/actionpack-3.0.9/lib/action_dispatch/middleware/show_exceptions.rb:47:in `call'
/Users/ascott/Projects/tw/ladygaga/vendor/bundle_gems/ruby/1.8/gems/railties-3.0.9/lib/rails/rack/logger.rb:13:in `call'
/Users/ascott/Projects/tw/ladygaga/vendor/bundle_gems/ruby/1.8/gems/rack-1.2.3/lib/rack/runtime.rb:17:in `call'
/Users/ascott/Projects/tw/ladygaga/vendor/bundle_gems/ruby/1.8/gems/activesupport-3.0.9/lib/active_support/cache/strategy/local_cache.rb:72:in `call'
/Users/ascott/Projects/tw/ladygaga/vendor/bundle_gems/ruby/1.8/gems/rack-1.2.3/lib/rack/lock.rb:11:in `call'
/Users/ascott/Projects/tw/ladygaga/vendor/bundle_gems/ruby/1.8/gems/rack-1.2.3/lib/rack/lock.rb:11:in `synchronize'
/Users/ascott/Projects/tw/ladygaga/vendor/bundle_gems/ruby/1.8/gems/rack-1.2.3/lib/rack/lock.rb:11:in `call'
/Users/ascott/Projects/tw/ladygaga/vendor/bundle_gems/ruby/1.8/gems/actionpack-3.0.9/lib/action_dispatch/middleware/static.rb:30:in `call'
/Users/ascott/Projects/tw/ladygaga/vendor/bundle_gems/ruby/1.8/gems/railties-3.0.9/lib/rails/application.rb:168:in `call'
/Users/ascott/Projects/tw/ladygaga/vendor/bundle_gems/ruby/1.8/gems/railties-3.0.9/lib/rails/application.rb:77:in `send'
/Users/ascott/Projects/tw/ladygaga/vendor/bundle_gems/ruby/1.8/gems/railties-3.0.9/lib/rails/application.rb:77:in `method_missing'
/Users/ascott/Projects/tw/ladygaga/vendor/bundle_gems/ruby/1.8/gems/railties-3.0.9/lib/rails/rack/log_tailer.rb:14:in `call'
/Users/ascott/Projects/tw/ladygaga/vendor/bundle_gems/ruby/1.8/gems/rack-1.2.3/lib/rack/content_length.rb:13:in `call'
/Users/ascott/Projects/tw/ladygaga/vendor/bundle_gems/ruby/1.8/gems/rack-1.2.3/lib/rack/handler/webrick.rb:52:in `service'
/System/Library/Frameworks/Ruby.framework/Versions/1.8/usr/lib/ruby/1.8/webrick/httpserver.rb:104:in `service'
/System/Library/Frameworks/Ruby.framework/Versions/1.8/usr/lib/ruby/1.8/webrick/httpserver.rb:65:in `run'
/System/Library/Frameworks/Ruby.framework/Versions/1.8/usr/lib/ruby/1.8/webrick/server.rb:173:in `start_thread'
/System/Library/Frameworks/Ruby.framework/Versions/1.8/usr/lib/ruby/1.8/webrick/server.rb:162:in `start'
/System/Library/Frameworks/Ruby.framework/Versions/1.8/usr/lib/ruby/1.8/webrick/server.rb:162:in `start_thread'
/System/Library/Frameworks/Ruby.framework/Versions/1.8/usr/lib/ruby/1.8/webrick/server.rb:95:in `start'
/System/Library/Frameworks/Ruby.framework/Versions/1.8/usr/lib/ruby/1.8/webrick/server.rb:92:in `each'
/System/Library/Frameworks/Ruby.framework/Versions/1.8/usr/lib/ruby/1.8/webrick/server.rb:92:in `start'
/System/Library/Frameworks/Ruby.framework/Versions/1.8/usr/lib/ruby/1.8/webrick/server.rb:23:in `start'
/System/Library/Frameworks/Ruby.framework/Versions/1.8/usr/lib/ruby/1.8/webrick/server.rb:82:in `start'
/Users/ascott/Projects/tw/ladygaga/vendor/bundle_gems/ruby/1.8/gems/rack-1.2.3/lib/rack/handler/webrick.rb:13:in `run'
/Users/ascott/Projects/tw/ladygaga/vendor/bundle_gems/ruby/1.8/gems/rack-1.2.3/lib/rack/server.rb:217:in `start'
/Users/ascott/Projects/tw/ladygaga/vendor/bundle_gems/ruby/1.8/gems/railties-3.0.9/lib/rails/commands/server.rb:65:in `start'
/Users/ascott/Projects/tw/ladygaga/vendor/bundle_gems/ruby/1.8/gems/railties-3.0.9/lib/rails/commands.rb:30
/Users/ascott/Projects/tw/ladygaga/vendor/bundle_gems/ruby/1.8/gems/railties-3.0.9/lib/rails/commands.rb:27:in `tap'
/Users/ascott/Projects/tw/ladygaga/vendor/bundle_gems/ruby/1.8/gems/railties-3.0.9/lib/rails/commands.rb:27
script/rails:6:in `require'
script/rails:6
Rendered login/index.html.erb within layouts/application (3.1ms)
Completed 500 Internal Server Error in 9ms

ActionView::Template::Error (compile error
/Users/ascott/Projects/tw/ladygaga/app/views/login/index.html.erb:6: syntax error, unexpected tREGEXP_BEG, expecting kDO or '{' or '('
...tput_buffer.safe_concat('<br />
                              ^
/Users/ascott/Projects/tw/ladygaga/app/views/login/index.html.erb:6: unterminated string meets end of file):
    3:   <%= "Welcome #{current_facebook_user.first_name} #{current_facebook_user.last_name}!" %>
    4:   or 
    5:   <%= "Hello #{fb_name(current_facebook_user, :useyou => false)}!" # link to facebook profile %>
    6:   <%= fb_logout_link("Logout of fb", request.url) %><br />
    7: <% else
    8:    # you must explicitly request permissions for facebook user fields.
    9:    # here we instruct facebook to ask the user for permission for our website
  app/views/login/index.html.erb:6:in `compile'

Rendered vendor/bundle_gems/ruby/1.8/gems/actionpack-3.0.9/lib/action_dispatch/middleware/templates/rescues/_trace.erb (1.0ms)
Rendered vendor/bundle_gems/ruby/1.8/gems/actionpack-3.0.9/lib/action_dispatch/middleware/templates/rescues/_request_and_response.erb (3.4ms)
Rendered vendor/bundle_gems/ruby/1.8/gems/actionpack-3.0.9/lib/action_dispatch/middleware/templates/rescues/template_error.erb within rescues/layout (9.6ms)


Started GET "/login" for 127.0.0.1 at Sat Aug 06 12:45:19 +0800 2011
  Processing by LoginController#index as HTML
ERROR: compiling _app_views_login_index_html_erb__2134348163_2182023860_0 RAISED compile error
/Users/ascott/Projects/tw/ladygaga/app/views/login/index.html.erb:6: syntax error, unexpected tREGEXP_BEG, expecting kDO or '{' or '('
...tput_buffer.safe_concat('<br />
                              ^
/Users/ascott/Projects/tw/ladygaga/app/views/login/index.html.erb:12: unmatched ): />
'); else
   # you must explicitly request permissions for facebook user fields.
   # here we instruct facebook to ask the user for permission for our website
   # to access the user's facebook email and birthday
   
@output_buffer.safe_concat('  ');@output_buffer.append= ( fb_login_and_redirect('http:/
/Users/ascott/Projects/tw/ladygaga/app/views/login/index.html.erb:12: syntax error, unexpected tSYMBEG, expecting kDO or '{' or '('
...nd_redirect('http://localhost:3000/', :perms => 'email,user_...
                              ^
/Users/ascott/Projects/tw/ladygaga/app/views/login/index.html.erb:12: syntax error, unexpected tIDENTIFIER, expecting ')'
...lhost:3000/', :perms => 'email,user_birthday') );@output_buf...
                              ^
/Users/ascott/Projects/tw/ladygaga/app/views/login/index.html.erb:12: syntax error, unexpected tSTRING_BEG, expecting kDO or '{' or '('
...perms => 'email,user_birthday') );@output_buffer.safe_concat...
                              ^
/Users/ascott/Projects/tw/ladygaga/app/views/login/index.html.erb:13: unterminated string meets end of file
/Users/ascott/Projects/tw/ladygaga/app/views/login/index.html.erb:13: syntax error, unexpected $end, expecting ')'
Function body:           def _app_views_login_index_html_erb__2134348163_2182023860_0(local_assigns)
            _old_virtual_path, @_virtual_path = @_virtual_path, "login/index";_old_output_buffer = @output_buffer;;@output_buffer = ActionView::OutputBuffer.new;@output_buffer.append= ( fb_connect_async_js );@output_buffer.safe_concat('
'); if current_facebook_user 
@output_buffer.safe_concat('  ');@output_buffer.append= ( "Welcome #{current_facebook_user.first_name} #{current_facebook_user.last_name}!" );@output_buffer.safe_concat('
');@output_buffer.safe_concat('  or 
  ');@output_buffer.append= ( "Hello #{fb_name(current_facebook_user, :useyou => false)}!" # link to facebook profile );@output_buffer.safe_concat('
');@output_buffer.safe_concat('  ');@output_buffer.append= ( fb_logout_link("Logout of fb", request.url) );@output_buffer.safe_concat('<br />
'); else
   # you must explicitly request permissions for facebook user fields.
   # here we instruct facebook to ask the user for permission for our website
   # to access the user's facebook email and birthday
   
@output_buffer.safe_concat('  ');@output_buffer.append= ( fb_login_and_redirect('http://localhost:3000/', :perms => 'email,user_birthday') );@output_buffer.safe_concat('
'); end ;@output_buffer.to_s
          ensure
            @_virtual_path, @output_buffer = _old_virtual_path, _old_output_buffer
          end
Backtrace: /Users/ascott/Projects/tw/ladygaga/app/views/login/index.html.erb:13:in `compile'
/Users/ascott/Projects/tw/ladygaga/vendor/bundle_gems/ruby/1.8/gems/actionpack-3.0.9/lib/action_view/template.rb:134:in `render'
/Users/ascott/Projects/tw/ladygaga/vendor/bundle_gems/ruby/1.8/gems/activesupport-3.0.9/lib/active_support/notifications.rb:54:in `instrument'
/Users/ascott/Projects/tw/ladygaga/vendor/bundle_gems/ruby/1.8/gems/actionpack-3.0.9/lib/action_view/template.rb:127:in `render'
/Users/ascott/Projects/tw/ladygaga/vendor/bundle_gems/ruby/1.8/gems/actionpack-3.0.9/lib/action_view/render/rendering.rb:59:in `_render_template'
/Users/ascott/Projects/tw/ladygaga/vendor/bundle_gems/ruby/1.8/gems/activesupport-3.0.9/lib/active_support/notifications.rb:52:in `instrument'
/Users/ascott/Projects/tw/ladygaga/vendor/bundle_gems/ruby/1.8/gems/activesupport-3.0.9/lib/active_support/notifications/instrumenter.rb:21:in `instrument'
/Users/ascott/Projects/tw/ladygaga/vendor/bundle_gems/ruby/1.8/gems/activesupport-3.0.9/lib/active_support/notifications.rb:52:in `instrument'
/Users/ascott/Projects/tw/ladygaga/vendor/bundle_gems/ruby/1.8/gems/actionpack-3.0.9/lib/action_view/render/rendering.rb:56:in `_render_template'
/Users/ascott/Projects/tw/ladygaga/vendor/bundle_gems/ruby/1.8/gems/actionpack-3.0.9/lib/action_view/render/rendering.rb:26:in `render'
/Users/ascott/Projects/tw/ladygaga/vendor/bundle_gems/ruby/1.8/gems/actionpack-3.0.9/lib/abstract_controller/rendering.rb:115:in `_render_template'
/Users/ascott/Projects/tw/ladygaga/vendor/bundle_gems/ruby/1.8/gems/actionpack-3.0.9/lib/abstract_controller/rendering.rb:109:in `render_to_body'
/Users/ascott/Projects/tw/ladygaga/vendor/bundle_gems/ruby/1.8/gems/actionpack-3.0.9/lib/action_controller/metal/renderers.rb:47:in `render_to_body'
/Users/ascott/Projects/tw/ladygaga/vendor/bundle_gems/ruby/1.8/gems/actionpack-3.0.9/lib/action_controller/metal/compatibility.rb:55:in `render_to_body'
/Users/ascott/Projects/tw/ladygaga/vendor/bundle_gems/ruby/1.8/gems/actionpack-3.0.9/lib/abstract_controller/rendering.rb:102:in `render_to_string'
/Users/ascott/Projects/tw/ladygaga/vendor/bundle_gems/ruby/1.8/gems/actionpack-3.0.9/lib/abstract_controller/rendering.rb:93:in `render'
/Users/ascott/Projects/tw/ladygaga/vendor/bundle_gems/ruby/1.8/gems/actionpack-3.0.9/lib/action_controller/metal/rendering.rb:17:in `render'
/Users/ascott/Projects/tw/ladygaga/vendor/bundle_gems/ruby/1.8/gems/actionpack-3.0.9/lib/action_controller/metal/instrumentation.rb:40:in `render'
/Users/ascott/Projects/tw/ladygaga/vendor/bundle_gems/ruby/1.8/gems/activesupport-3.0.9/lib/active_support/core_ext/benchmark.rb:5:in `ms'
/System/Library/Frameworks/Ruby.framework/Versions/1.8/usr/lib/ruby/1.8/benchmark.rb:308:in `realtime'
/Users/ascott/Projects/tw/ladygaga/vendor/bundle_gems/ruby/1.8/gems/activesupport-3.0.9/lib/active_support/core_ext/benchmark.rb:5:in `ms'
/Users/ascott/Projects/tw/ladygaga/vendor/bundle_gems/ruby/1.8/gems/actionpack-3.0.9/lib/action_controller/metal/instrumentation.rb:40:in `render'
/Users/ascott/Projects/tw/ladygaga/vendor/bundle_gems/ruby/1.8/gems/actionpack-3.0.9/lib/action_controller/metal/instrumentation.rb:78:in `cleanup_view_runtime'
/Users/ascott/Projects/tw/ladygaga/vendor/bundle_gems/ruby/1.8/gems/activerecord-3.0.9/lib/active_record/railties/controller_runtime.rb:15:in `cleanup_view_runtime'
/Users/ascott/Projects/tw/ladygaga/vendor/bundle_gems/ruby/1.8/gems/actionpack-3.0.9/lib/action_controller/metal/instrumentation.rb:39:in `render'
/Users/ascott/Projects/tw/ladygaga/vendor/bundle_gems/ruby/1.8/gems/actionpack-3.0.9/lib/action_controller/metal/implicit_render.rb:10:in `default_render'
/Users/ascott/Projects/tw/ladygaga/vendor/bundle_gems/ruby/1.8/gems/actionpack-3.0.9/lib/action_controller/metal/implicit_render.rb:5:in `send_action'
/Users/ascott/Projects/tw/ladygaga/vendor/bundle_gems/ruby/1.8/gems/actionpack-3.0.9/lib/abstract_controller/base.rb:150:in `process_action'
/Users/ascott/Projects/tw/ladygaga/vendor/bundle_gems/ruby/1.8/gems/actionpack-3.0.9/lib/action_controller/metal/rendering.rb:11:in `process_action'
/Users/ascott/Projects/tw/ladygaga/vendor/bundle_gems/ruby/1.8/gems/actionpack-3.0.9/lib/abstract_controller/callbacks.rb:18:in `process_action'
/Users/ascott/Projects/tw/ladygaga/vendor/bundle_gems/ruby/1.8/gems/activesupport-3.0.9/lib/active_support/callbacks.rb:436:in `_run__1761338563__process_action__199225275__callbacks'
/Users/ascott/Projects/tw/ladygaga/vendor/bundle_gems/ruby/1.8/gems/activesupport-3.0.9/lib/active_support/callbacks.rb:410:in `send'
/Users/ascott/Projects/tw/ladygaga/vendor/bundle_gems/ruby/1.8/gems/activesupport-3.0.9/lib/active_support/callbacks.rb:410:in `_run_process_action_callbacks'
/Users/ascott/Projects/tw/ladygaga/vendor/bundle_gems/ruby/1.8/gems/activesupport-3.0.9/lib/active_support/callbacks.rb:94:in `send'
/Users/ascott/Projects/tw/ladygaga/vendor/bundle_gems/ruby/1.8/gems/activesupport-3.0.9/lib/active_support/callbacks.rb:94:in `run_callbacks'
/Users/ascott/Projects/tw/ladygaga/vendor/bundle_gems/ruby/1.8/gems/actionpack-3.0.9/lib/abstract_controller/callbacks.rb:17:in `process_action'
/Users/ascott/Projects/tw/ladygaga/vendor/bundle_gems/ruby/1.8/gems/actionpack-3.0.9/lib/action_controller/metal/instrumentation.rb:30:in `process_action'
/Users/ascott/Projects/tw/ladygaga/vendor/bundle_gems/ruby/1.8/gems/activesupport-3.0.9/lib/active_support/notifications.rb:52:in `instrument'
/Users/ascott/Projects/tw/ladygaga/vendor/bundle_gems/ruby/1.8/gems/activesupport-3.0.9/lib/active_support/notifications/instrumenter.rb:21:in `instrument'
/Users/ascott/Projects/tw/ladygaga/vendor/bundle_gems/ruby/1.8/gems/activesupport-3.0.9/lib/active_support/notifications.rb:52:in `instrument'
/Users/ascott/Projects/tw/ladygaga/vendor/bundle_gems/ruby/1.8/gems/actionpack-3.0.9/lib/action_controller/metal/instrumentation.rb:29:in `process_action'
/Users/ascott/Projects/tw/ladygaga/vendor/bundle_gems/ruby/1.8/gems/actionpack-3.0.9/lib/action_controller/metal/rescue.rb:17:in `process_action'
/Users/ascott/Projects/tw/ladygaga/vendor/bundle_gems/ruby/1.8/gems/actionpack-3.0.9/lib/abstract_controller/base.rb:119:in `process'
/Users/ascott/Projects/tw/ladygaga/vendor/bundle_gems/ruby/1.8/gems/actionpack-3.0.9/lib/abstract_controller/rendering.rb:41:in `process'
/Users/ascott/Projects/tw/ladygaga/vendor/bundle_gems/ruby/1.8/gems/actionpack-3.0.9/lib/action_controller/metal.rb:138:in `dispatch'
/Users/ascott/Projects/tw/ladygaga/vendor/bundle_gems/ruby/1.8/gems/actionpack-3.0.9/lib/action_controller/metal/rack_delegation.rb:14:in `dispatch'
/Users/ascott/Projects/tw/ladygaga/vendor/bundle_gems/ruby/1.8/gems/actionpack-3.0.9/lib/action_controller/metal.rb:178:in `action'
/Users/ascott/Projects/tw/ladygaga/vendor/bundle_gems/ruby/1.8/gems/actionpack-3.0.9/lib/action_dispatch/routing/route_set.rb:62:in `call'
/Users/ascott/Projects/tw/ladygaga/vendor/bundle_gems/ruby/1.8/gems/actionpack-3.0.9/lib/action_dispatch/routing/route_set.rb:62:in `dispatch'
/Users/ascott/Projects/tw/ladygaga/vendor/bundle_gems/ruby/1.8/gems/actionpack-3.0.9/lib/action_dispatch/routing/route_set.rb:27:in `call'
/Users/ascott/Projects/tw/ladygaga/vendor/bundle_gems/ruby/1.8/gems/rack-mount-0.6.14/lib/rack/mount/route_set.rb:148:in `call'
/Users/ascott/Projects/tw/ladygaga/vendor/bundle_gems/ruby/1.8/gems/rack-mount-0.6.14/lib/rack/mount/code_generation.rb:93:in `recognize'
/Users/ascott/Projects/tw/ladygaga/vendor/bundle_gems/ruby/1.8/gems/rack-mount-0.6.14/lib/rack/mount/code_generation.rb:68:in `optimized_each'
/Users/ascott/Projects/tw/ladygaga/vendor/bundle_gems/ruby/1.8/gems/rack-mount-0.6.14/lib/rack/mount/code_generation.rb:92:in `recognize'
/Users/ascott/Projects/tw/ladygaga/vendor/bundle_gems/ruby/1.8/gems/rack-mount-0.6.14/lib/rack/mount/route_set.rb:139:in `call'
/Users/ascott/Projects/tw/ladygaga/vendor/bundle_gems/ruby/1.8/gems/actionpack-3.0.9/lib/action_dispatch/routing/route_set.rb:493:in `call'
/Users/ascott/Projects/tw/ladygaga/vendor/bundle_gems/ruby/1.8/gems/actionpack-3.0.9/lib/action_dispatch/middleware/best_standards_support.rb:17:in `call'
/Users/ascott/Projects/tw/ladygaga/vendor/bundle_gems/ruby/1.8/gems/actionpack-3.0.9/lib/action_dispatch/middleware/head.rb:14:in `call'
/Users/ascott/Projects/tw/ladygaga/vendor/bundle_gems/ruby/1.8/gems/rack-1.2.3/lib/rack/methodoverride.rb:24:in `call'
/Users/ascott/Projects/tw/ladygaga/vendor/bundle_gems/ruby/1.8/gems/actionpack-3.0.9/lib/action_dispatch/middleware/params_parser.rb:21:in `call'
/Users/ascott/Projects/tw/ladygaga/vendor/bundle_gems/ruby/1.8/gems/actionpack-3.0.9/lib/action_dispatch/middleware/flash.rb:182:in `call'
/Users/ascott/Projects/tw/ladygaga/vendor/bundle_gems/ruby/1.8/gems/actionpack-3.0.9/lib/action_dispatch/middleware/session/abstract_store.rb:149:in `call'
/Users/ascott/Projects/tw/ladygaga/vendor/bundle_gems/ruby/1.8/gems/actionpack-3.0.9/lib/action_dispatch/middleware/cookies.rb:302:in `call'
/Users/ascott/Projects/tw/ladygaga/vendor/bundle_gems/ruby/1.8/gems/activerecord-3.0.9/lib/active_record/query_cache.rb:32:in `call'
/Users/ascott/Projects/tw/ladygaga/vendor/bundle_gems/ruby/1.8/gems/activerecord-3.0.9/lib/active_record/connection_adapters/abstract/query_cache.rb:28:in `cache'
/Users/ascott/Projects/tw/ladygaga/vendor/bundle_gems/ruby/1.8/gems/activerecord-3.0.9/lib/active_record/query_cache.rb:12:in `cache'
/Users/ascott/Projects/tw/ladygaga/vendor/bundle_gems/ruby/1.8/gems/activerecord-3.0.9/lib/active_record/query_cache.rb:31:in `call'
/Users/ascott/Projects/tw/ladygaga/vendor/bundle_gems/ruby/1.8/gems/activerecord-3.0.9/lib/active_record/connection_adapters/abstract/connection_pool.rb:354:in `call'
/Users/ascott/Projects/tw/ladygaga/vendor/bundle_gems/ruby/1.8/gems/actionpack-3.0.9/lib/action_dispatch/middleware/callbacks.rb:46:in `call'
/Users/ascott/Projects/tw/ladygaga/vendor/bundle_gems/ruby/1.8/gems/activesupport-3.0.9/lib/active_support/callbacks.rb:416:in `_run_call_callbacks'
/Users/ascott/Projects/tw/ladygaga/vendor/bundle_gems/ruby/1.8/gems/actionpack-3.0.9/lib/action_dispatch/middleware/callbacks.rb:44:in `call'
/Users/ascott/Projects/tw/ladygaga/vendor/bundle_gems/ruby/1.8/gems/rack-1.2.3/lib/rack/sendfile.rb:107:in `call'
/Users/ascott/Projects/tw/ladygaga/vendor/bundle_gems/ruby/1.8/gems/actionpack-3.0.9/lib/action_dispatch/middleware/remote_ip.rb:48:in `call'
/Users/ascott/Projects/tw/ladygaga/vendor/bundle_gems/ruby/1.8/gems/actionpack-3.0.9/lib/action_dispatch/middleware/show_exceptions.rb:47:in `call'
/Users/ascott/Projects/tw/ladygaga/vendor/bundle_gems/ruby/1.8/gems/railties-3.0.9/lib/rails/rack/logger.rb:13:in `call'
/Users/ascott/Projects/tw/ladygaga/vendor/bundle_gems/ruby/1.8/gems/rack-1.2.3/lib/rack/runtime.rb:17:in `call'
/Users/ascott/Projects/tw/ladygaga/vendor/bundle_gems/ruby/1.8/gems/activesupport-3.0.9/lib/active_support/cache/strategy/local_cache.rb:72:in `call'
/Users/ascott/Projects/tw/ladygaga/vendor/bundle_gems/ruby/1.8/gems/rack-1.2.3/lib/rack/lock.rb:11:in `call'
/Users/ascott/Projects/tw/ladygaga/vendor/bundle_gems/ruby/1.8/gems/rack-1.2.3/lib/rack/lock.rb:11:in `synchronize'
/Users/ascott/Projects/tw/ladygaga/vendor/bundle_gems/ruby/1.8/gems/rack-1.2.3/lib/rack/lock.rb:11:in `call'
/Users/ascott/Projects/tw/ladygaga/vendor/bundle_gems/ruby/1.8/gems/actionpack-3.0.9/lib/action_dispatch/middleware/static.rb:30:in `call'
/Users/ascott/Projects/tw/ladygaga/vendor/bundle_gems/ruby/1.8/gems/railties-3.0.9/lib/rails/application.rb:168:in `call'
/Users/ascott/Projects/tw/ladygaga/vendor/bundle_gems/ruby/1.8/gems/railties-3.0.9/lib/rails/application.rb:77:in `send'
/Users/ascott/Projects/tw/ladygaga/vendor/bundle_gems/ruby/1.8/gems/railties-3.0.9/lib/rails/application.rb:77:in `method_missing'
/Users/ascott/Projects/tw/ladygaga/vendor/bundle_gems/ruby/1.8/gems/railties-3.0.9/lib/rails/rack/log_tailer.rb:14:in `call'
/Users/ascott/Projects/tw/ladygaga/vendor/bundle_gems/ruby/1.8/gems/rack-1.2.3/lib/rack/content_length.rb:13:in `call'
/Users/ascott/Projects/tw/ladygaga/vendor/bundle_gems/ruby/1.8/gems/rack-1.2.3/lib/rack/handler/webrick.rb:52:in `service'
/System/Library/Frameworks/Ruby.framework/Versions/1.8/usr/lib/ruby/1.8/webrick/httpserver.rb:104:in `service'
/System/Library/Frameworks/Ruby.framework/Versions/1.8/usr/lib/ruby/1.8/webrick/httpserver.rb:65:in `run'
/System/Library/Frameworks/Ruby.framework/Versions/1.8/usr/lib/ruby/1.8/webrick/server.rb:173:in `start_thread'
/System/Library/Frameworks/Ruby.framework/Versions/1.8/usr/lib/ruby/1.8/webrick/server.rb:162:in `start'
/System/Library/Frameworks/Ruby.framework/Versions/1.8/usr/lib/ruby/1.8/webrick/server.rb:162:in `start_thread'
/System/Library/Frameworks/Ruby.framework/Versions/1.8/usr/lib/ruby/1.8/webrick/server.rb:95:in `start'
/System/Library/Frameworks/Ruby.framework/Versions/1.8/usr/lib/ruby/1.8/webrick/server.rb:92:in `each'
/System/Library/Frameworks/Ruby.framework/Versions/1.8/usr/lib/ruby/1.8/webrick/server.rb:92:in `start'
/System/Library/Frameworks/Ruby.framework/Versions/1.8/usr/lib/ruby/1.8/webrick/server.rb:23:in `start'
/System/Library/Frameworks/Ruby.framework/Versions/1.8/usr/lib/ruby/1.8/webrick/server.rb:82:in `start'
/Users/ascott/Projects/tw/ladygaga/vendor/bundle_gems/ruby/1.8/gems/rack-1.2.3/lib/rack/handler/webrick.rb:13:in `run'
/Users/ascott/Projects/tw/ladygaga/vendor/bundle_gems/ruby/1.8/gems/rack-1.2.3/lib/rack/server.rb:217:in `start'
/Users/ascott/Projects/tw/ladygaga/vendor/bundle_gems/ruby/1.8/gems/railties-3.0.9/lib/rails/commands/server.rb:65:in `start'
/Users/ascott/Projects/tw/ladygaga/vendor/bundle_gems/ruby/1.8/gems/railties-3.0.9/lib/rails/commands.rb:30
/Users/ascott/Projects/tw/ladygaga/vendor/bundle_gems/ruby/1.8/gems/railties-3.0.9/lib/rails/commands.rb:27:in `tap'
/Users/ascott/Projects/tw/ladygaga/vendor/bundle_gems/ruby/1.8/gems/railties-3.0.9/lib/rails/commands.rb:27
script/rails:6:in `require'
script/rails:6
Rendered login/index.html.erb within layouts/application (0.9ms)
Completed 500 Internal Server Error in 7ms

ActionView::Template::Error (compile error
/Users/ascott/Projects/tw/ladygaga/app/views/login/index.html.erb:6: syntax error, unexpected tREGEXP_BEG, expecting kDO or '{' or '('
...tput_buffer.safe_concat('<br />
                              ^
/Users/ascott/Projects/tw/ladygaga/app/views/login/index.html.erb:12: unmatched ): />
'); else
   # you must explicitly request permissions for facebook user fields.
   # here we instruct facebook to ask the user for permission for our website
   # to access the user's facebook email and birthday
   
@output_buffer.safe_concat('  ');@output_buffer.append= ( fb_login_and_redirect('http:/
/Users/ascott/Projects/tw/ladygaga/app/views/login/index.html.erb:12: syntax error, unexpected tSYMBEG, expecting kDO or '{' or '('
...nd_redirect('http://localhost:3000/', :perms => 'email,user_...
                              ^
/Users/ascott/Projects/tw/ladygaga/app/views/login/index.html.erb:12: syntax error, unexpected tIDENTIFIER, expecting ')'
...lhost:3000/', :perms => 'email,user_birthday') );@output_buf...
                              ^
/Users/ascott/Projects/tw/ladygaga/app/views/login/index.html.erb:12: syntax error, unexpected tSTRING_BEG, expecting kDO or '{' or '('
...perms => 'email,user_birthday') );@output_buffer.safe_concat...
                              ^
/Users/ascott/Projects/tw/ladygaga/app/views/login/index.html.erb:13: unterminated string meets end of file
/Users/ascott/Projects/tw/ladygaga/app/views/login/index.html.erb:13: syntax error, unexpected $end, expecting ')'):
    3:   <%= "Welcome #{current_facebook_user.first_name} #{current_facebook_user.last_name}!" %>
    4:   or 
    5:   <%= "Hello #{fb_name(current_facebook_user, :useyou => false)}!" # link to facebook profile %>
    6:   <%= fb_logout_link("Logout of fb", request.url) %><br />
    7: <% else
    8:    # you must explicitly request permissions for facebook user fields.
    9:    # here we instruct facebook to ask the user for permission for our website
  app/views/login/index.html.erb:13:in `compile'

Rendered vendor/bundle_gems/ruby/1.8/gems/actionpack-3.0.9/lib/action_dispatch/middleware/templates/rescues/_trace.erb (1.1ms)
Rendered vendor/bundle_gems/ruby/1.8/gems/actionpack-3.0.9/lib/action_dispatch/middleware/templates/rescues/_request_and_response.erb (3.6ms)
Rendered vendor/bundle_gems/ruby/1.8/gems/actionpack-3.0.9/lib/action_dispatch/middleware/templates/rescues/template_error.erb within rescues/layout (10.0ms)


Started GET "/login" for 127.0.0.1 at Sat Aug 06 12:45:55 +0800 2011
  Processing by LoginController#index as HTML
ERROR: compiling _app_views_login_index_html_erb__2134348163_2180903600_0 RAISED compile error
/Users/ascott/Projects/tw/ladygaga/app/views/login/index.html.erb:6: syntax error, unexpected tREGEXP_BEG, expecting kDO or '{' or '('
...tput_buffer.safe_concat('<br />
                              ^
/Users/ascott/Projects/tw/ladygaga/app/views/login/index.html.erb:12: unmatched ): />
'); else
   # you must explicitly request permissions for facebook user fields.
   # here we instruct facebook to ask the user for permission for our website
   # to access the user's facebook email and birthday
   
@output_buffer.safe_concat('  ');@output_buffer.append= ( fb_login_and_redirect('http:/
/Users/ascott/Projects/tw/ladygaga/app/views/login/index.html.erb:12: syntax error, unexpected tSYMBEG, expecting kDO or '{' or '('
...nd_redirect('http://localhost:3000/', :perms => 'email,user_...
                              ^
/Users/ascott/Projects/tw/ladygaga/app/views/login/index.html.erb:12: syntax error, unexpected tIDENTIFIER, expecting ')'
...lhost:3000/', :perms => 'email,user_birthday') );@output_buf...
                              ^
/Users/ascott/Projects/tw/ladygaga/app/views/login/index.html.erb:12: syntax error, unexpected tSTRING_BEG, expecting kDO or '{' or '('
...perms => 'email,user_birthday') );@output_buffer.safe_concat...
                              ^
/Users/ascott/Projects/tw/ladygaga/app/views/login/index.html.erb:13: unterminated string meets end of file
/Users/ascott/Projects/tw/ladygaga/app/views/login/index.html.erb:13: syntax error, unexpected $end, expecting ')'
Function body:           def _app_views_login_index_html_erb__2134348163_2180903600_0(local_assigns)
            _old_virtual_path, @_virtual_path = @_virtual_path, "login/index";_old_output_buffer = @output_buffer;;@output_buffer = ActionView::OutputBuffer.new;@output_buffer.append= ( fb_connect_async_js );@output_buffer.safe_concat('
'); if current_facebook_user 
@output_buffer.safe_concat('  ');@output_buffer.append= ( "Welcome #{current_facebook_user.first_name} #{current_facebook_user.last_name}!" );@output_buffer.safe_concat('
');@output_buffer.safe_concat('  or 
  ');@output_buffer.append= ( "Hello #{fb_name(current_facebook_user, :useyou => false)}!" # link to facebook profile );@output_buffer.safe_concat('
');@output_buffer.safe_concat('  ');@output_buffer.append= ( fb_logout_link("Logout of fb", request.url) );@output_buffer.safe_concat('<br />
'); else
   # you must explicitly request permissions for facebook user fields.
   # here we instruct facebook to ask the user for permission for our website
   # to access the user's facebook email and birthday
   
@output_buffer.safe_concat('  ');@output_buffer.append= ( fb_login_and_redirect('http://localhost:3000/', :perms => 'email,user_birthday') );@output_buffer.safe_concat('
'); end ;@output_buffer.to_s
          ensure
            @_virtual_path, @output_buffer = _old_virtual_path, _old_output_buffer
          end
Backtrace: /Users/ascott/Projects/tw/ladygaga/app/views/login/index.html.erb:13:in `compile'
/Users/ascott/Projects/tw/ladygaga/vendor/bundle_gems/ruby/1.8/gems/actionpack-3.0.9/lib/action_view/template.rb:134:in `render'
/Users/ascott/Projects/tw/ladygaga/vendor/bundle_gems/ruby/1.8/gems/activesupport-3.0.9/lib/active_support/notifications.rb:54:in `instrument'
/Users/ascott/Projects/tw/ladygaga/vendor/bundle_gems/ruby/1.8/gems/actionpack-3.0.9/lib/action_view/template.rb:127:in `render'
/Users/ascott/Projects/tw/ladygaga/vendor/bundle_gems/ruby/1.8/gems/actionpack-3.0.9/lib/action_view/render/rendering.rb:59:in `_render_template'
/Users/ascott/Projects/tw/ladygaga/vendor/bundle_gems/ruby/1.8/gems/activesupport-3.0.9/lib/active_support/notifications.rb:52:in `instrument'
/Users/ascott/Projects/tw/ladygaga/vendor/bundle_gems/ruby/1.8/gems/activesupport-3.0.9/lib/active_support/notifications/instrumenter.rb:21:in `instrument'
/Users/ascott/Projects/tw/ladygaga/vendor/bundle_gems/ruby/1.8/gems/activesupport-3.0.9/lib/active_support/notifications.rb:52:in `instrument'
/Users/ascott/Projects/tw/ladygaga/vendor/bundle_gems/ruby/1.8/gems/actionpack-3.0.9/lib/action_view/render/rendering.rb:56:in `_render_template'
/Users/ascott/Projects/tw/ladygaga/vendor/bundle_gems/ruby/1.8/gems/actionpack-3.0.9/lib/action_view/render/rendering.rb:26:in `render'
/Users/ascott/Projects/tw/ladygaga/vendor/bundle_gems/ruby/1.8/gems/actionpack-3.0.9/lib/abstract_controller/rendering.rb:115:in `_render_template'
/Users/ascott/Projects/tw/ladygaga/vendor/bundle_gems/ruby/1.8/gems/actionpack-3.0.9/lib/abstract_controller/rendering.rb:109:in `render_to_body'
/Users/ascott/Projects/tw/ladygaga/vendor/bundle_gems/ruby/1.8/gems/actionpack-3.0.9/lib/action_controller/metal/renderers.rb:47:in `render_to_body'
/Users/ascott/Projects/tw/ladygaga/vendor/bundle_gems/ruby/1.8/gems/actionpack-3.0.9/lib/action_controller/metal/compatibility.rb:55:in `render_to_body'
/Users/ascott/Projects/tw/ladygaga/vendor/bundle_gems/ruby/1.8/gems/actionpack-3.0.9/lib/abstract_controller/rendering.rb:102:in `render_to_string'
/Users/ascott/Projects/tw/ladygaga/vendor/bundle_gems/ruby/1.8/gems/actionpack-3.0.9/lib/abstract_controller/rendering.rb:93:in `render'
/Users/ascott/Projects/tw/ladygaga/vendor/bundle_gems/ruby/1.8/gems/actionpack-3.0.9/lib/action_controller/metal/rendering.rb:17:in `render'
/Users/ascott/Projects/tw/ladygaga/vendor/bundle_gems/ruby/1.8/gems/actionpack-3.0.9/lib/action_controller/metal/instrumentation.rb:40:in `render'
/Users/ascott/Projects/tw/ladygaga/vendor/bundle_gems/ruby/1.8/gems/activesupport-3.0.9/lib/active_support/core_ext/benchmark.rb:5:in `ms'
/System/Library/Frameworks/Ruby.framework/Versions/1.8/usr/lib/ruby/1.8/benchmark.rb:308:in `realtime'
/Users/ascott/Projects/tw/ladygaga/vendor/bundle_gems/ruby/1.8/gems/activesupport-3.0.9/lib/active_support/core_ext/benchmark.rb:5:in `ms'
/Users/ascott/Projects/tw/ladygaga/vendor/bundle_gems/ruby/1.8/gems/actionpack-3.0.9/lib/action_controller/metal/instrumentation.rb:40:in `render'
/Users/ascott/Projects/tw/ladygaga/vendor/bundle_gems/ruby/1.8/gems/actionpack-3.0.9/lib/action_controller/metal/instrumentation.rb:78:in `cleanup_view_runtime'
/Users/ascott/Projects/tw/ladygaga/vendor/bundle_gems/ruby/1.8/gems/activerecord-3.0.9/lib/active_record/railties/controller_runtime.rb:15:in `cleanup_view_runtime'
/Users/ascott/Projects/tw/ladygaga/vendor/bundle_gems/ruby/1.8/gems/actionpack-3.0.9/lib/action_controller/metal/instrumentation.rb:39:in `render'
/Users/ascott/Projects/tw/ladygaga/vendor/bundle_gems/ruby/1.8/gems/actionpack-3.0.9/lib/action_controller/metal/implicit_render.rb:10:in `default_render'
/Users/ascott/Projects/tw/ladygaga/vendor/bundle_gems/ruby/1.8/gems/actionpack-3.0.9/lib/action_controller/metal/implicit_render.rb:5:in `send_action'
/Users/ascott/Projects/tw/ladygaga/vendor/bundle_gems/ruby/1.8/gems/actionpack-3.0.9/lib/abstract_controller/base.rb:150:in `process_action'
/Users/ascott/Projects/tw/ladygaga/vendor/bundle_gems/ruby/1.8/gems/actionpack-3.0.9/lib/action_controller/metal/rendering.rb:11:in `process_action'
/Users/ascott/Projects/tw/ladygaga/vendor/bundle_gems/ruby/1.8/gems/actionpack-3.0.9/lib/abstract_controller/callbacks.rb:18:in `process_action'
/Users/ascott/Projects/tw/ladygaga/vendor/bundle_gems/ruby/1.8/gems/activesupport-3.0.9/lib/active_support/callbacks.rb:436:in `_run__1761338563__process_action__199225275__callbacks'
/Users/ascott/Projects/tw/ladygaga/vendor/bundle_gems/ruby/1.8/gems/activesupport-3.0.9/lib/active_support/callbacks.rb:410:in `send'
/Users/ascott/Projects/tw/ladygaga/vendor/bundle_gems/ruby/1.8/gems/activesupport-3.0.9/lib/active_support/callbacks.rb:410:in `_run_process_action_callbacks'
/Users/ascott/Projects/tw/ladygaga/vendor/bundle_gems/ruby/1.8/gems/activesupport-3.0.9/lib/active_support/callbacks.rb:94:in `send'
/Users/ascott/Projects/tw/ladygaga/vendor/bundle_gems/ruby/1.8/gems/activesupport-3.0.9/lib/active_support/callbacks.rb:94:in `run_callbacks'
/Users/ascott/Projects/tw/ladygaga/vendor/bundle_gems/ruby/1.8/gems/actionpack-3.0.9/lib/abstract_controller/callbacks.rb:17:in `process_action'
/Users/ascott/Projects/tw/ladygaga/vendor/bundle_gems/ruby/1.8/gems/actionpack-3.0.9/lib/action_controller/metal/instrumentation.rb:30:in `process_action'
/Users/ascott/Projects/tw/ladygaga/vendor/bundle_gems/ruby/1.8/gems/activesupport-3.0.9/lib/active_support/notifications.rb:52:in `instrument'
/Users/ascott/Projects/tw/ladygaga/vendor/bundle_gems/ruby/1.8/gems/activesupport-3.0.9/lib/active_support/notifications/instrumenter.rb:21:in `instrument'
/Users/ascott/Projects/tw/ladygaga/vendor/bundle_gems/ruby/1.8/gems/activesupport-3.0.9/lib/active_support/notifications.rb:52:in `instrument'
/Users/ascott/Projects/tw/ladygaga/vendor/bundle_gems/ruby/1.8/gems/actionpack-3.0.9/lib/action_controller/metal/instrumentation.rb:29:in `process_action'
/Users/ascott/Projects/tw/ladygaga/vendor/bundle_gems/ruby/1.8/gems/actionpack-3.0.9/lib/action_controller/metal/rescue.rb:17:in `process_action'
/Users/ascott/Projects/tw/ladygaga/vendor/bundle_gems/ruby/1.8/gems/actionpack-3.0.9/lib/abstract_controller/base.rb:119:in `process'
/Users/ascott/Projects/tw/ladygaga/vendor/bundle_gems/ruby/1.8/gems/actionpack-3.0.9/lib/abstract_controller/rendering.rb:41:in `process'
/Users/ascott/Projects/tw/ladygaga/vendor/bundle_gems/ruby/1.8/gems/actionpack-3.0.9/lib/action_controller/metal.rb:138:in `dispatch'
/Users/ascott/Projects/tw/ladygaga/vendor/bundle_gems/ruby/1.8/gems/actionpack-3.0.9/lib/action_controller/metal/rack_delegation.rb:14:in `dispatch'
/Users/ascott/Projects/tw/ladygaga/vendor/bundle_gems/ruby/1.8/gems/actionpack-3.0.9/lib/action_controller/metal.rb:178:in `action'
/Users/ascott/Projects/tw/ladygaga/vendor/bundle_gems/ruby/1.8/gems/actionpack-3.0.9/lib/action_dispatch/routing/route_set.rb:62:in `call'
/Users/ascott/Projects/tw/ladygaga/vendor/bundle_gems/ruby/1.8/gems/actionpack-3.0.9/lib/action_dispatch/routing/route_set.rb:62:in `dispatch'
/Users/ascott/Projects/tw/ladygaga/vendor/bundle_gems/ruby/1.8/gems/actionpack-3.0.9/lib/action_dispatch/routing/route_set.rb:27:in `call'
/Users/ascott/Projects/tw/ladygaga/vendor/bundle_gems/ruby/1.8/gems/rack-mount-0.6.14/lib/rack/mount/route_set.rb:148:in `call'
/Users/ascott/Projects/tw/ladygaga/vendor/bundle_gems/ruby/1.8/gems/rack-mount-0.6.14/lib/rack/mount/code_generation.rb:93:in `recognize'
/Users/ascott/Projects/tw/ladygaga/vendor/bundle_gems/ruby/1.8/gems/rack-mount-0.6.14/lib/rack/mount/code_generation.rb:68:in `optimized_each'
/Users/ascott/Projects/tw/ladygaga/vendor/bundle_gems/ruby/1.8/gems/rack-mount-0.6.14/lib/rack/mount/code_generation.rb:92:in `recognize'
/Users/ascott/Projects/tw/ladygaga/vendor/bundle_gems/ruby/1.8/gems/rack-mount-0.6.14/lib/rack/mount/route_set.rb:139:in `call'
/Users/ascott/Projects/tw/ladygaga/vendor/bundle_gems/ruby/1.8/gems/actionpack-3.0.9/lib/action_dispatch/routing/route_set.rb:493:in `call'
/Users/ascott/Projects/tw/ladygaga/vendor/bundle_gems/ruby/1.8/gems/actionpack-3.0.9/lib/action_dispatch/middleware/best_standards_support.rb:17:in `call'
/Users/ascott/Projects/tw/ladygaga/vendor/bundle_gems/ruby/1.8/gems/actionpack-3.0.9/lib/action_dispatch/middleware/head.rb:14:in `call'
/Users/ascott/Projects/tw/ladygaga/vendor/bundle_gems/ruby/1.8/gems/rack-1.2.3/lib/rack/methodoverride.rb:24:in `call'
/Users/ascott/Projects/tw/ladygaga/vendor/bundle_gems/ruby/1.8/gems/actionpack-3.0.9/lib/action_dispatch/middleware/params_parser.rb:21:in `call'
/Users/ascott/Projects/tw/ladygaga/vendor/bundle_gems/ruby/1.8/gems/actionpack-3.0.9/lib/action_dispatch/middleware/flash.rb:182:in `call'
/Users/ascott/Projects/tw/ladygaga/vendor/bundle_gems/ruby/1.8/gems/actionpack-3.0.9/lib/action_dispatch/middleware/session/abstract_store.rb:149:in `call'
/Users/ascott/Projects/tw/ladygaga/vendor/bundle_gems/ruby/1.8/gems/actionpack-3.0.9/lib/action_dispatch/middleware/cookies.rb:302:in `call'
/Users/ascott/Projects/tw/ladygaga/vendor/bundle_gems/ruby/1.8/gems/activerecord-3.0.9/lib/active_record/query_cache.rb:32:in `call'
/Users/ascott/Projects/tw/ladygaga/vendor/bundle_gems/ruby/1.8/gems/activerecord-3.0.9/lib/active_record/connection_adapters/abstract/query_cache.rb:28:in `cache'
/Users/ascott/Projects/tw/ladygaga/vendor/bundle_gems/ruby/1.8/gems/activerecord-3.0.9/lib/active_record/query_cache.rb:12:in `cache'
/Users/ascott/Projects/tw/ladygaga/vendor/bundle_gems/ruby/1.8/gems/activerecord-3.0.9/lib/active_record/query_cache.rb:31:in `call'
/Users/ascott/Projects/tw/ladygaga/vendor/bundle_gems/ruby/1.8/gems/activerecord-3.0.9/lib/active_record/connection_adapters/abstract/connection_pool.rb:354:in `call'
/Users/ascott/Projects/tw/ladygaga/vendor/bundle_gems/ruby/1.8/gems/actionpack-3.0.9/lib/action_dispatch/middleware/callbacks.rb:46:in `call'
/Users/ascott/Projects/tw/ladygaga/vendor/bundle_gems/ruby/1.8/gems/activesupport-3.0.9/lib/active_support/callbacks.rb:416:in `_run_call_callbacks'
/Users/ascott/Projects/tw/ladygaga/vendor/bundle_gems/ruby/1.8/gems/actionpack-3.0.9/lib/action_dispatch/middleware/callbacks.rb:44:in `call'
/Users/ascott/Projects/tw/ladygaga/vendor/bundle_gems/ruby/1.8/gems/rack-1.2.3/lib/rack/sendfile.rb:107:in `call'
/Users/ascott/Projects/tw/ladygaga/vendor/bundle_gems/ruby/1.8/gems/actionpack-3.0.9/lib/action_dispatch/middleware/remote_ip.rb:48:in `call'
/Users/ascott/Projects/tw/ladygaga/vendor/bundle_gems/ruby/1.8/gems/actionpack-3.0.9/lib/action_dispatch/middleware/show_exceptions.rb:47:in `call'
/Users/ascott/Projects/tw/ladygaga/vendor/bundle_gems/ruby/1.8/gems/railties-3.0.9/lib/rails/rack/logger.rb:13:in `call'
/Users/ascott/Projects/tw/ladygaga/vendor/bundle_gems/ruby/1.8/gems/rack-1.2.3/lib/rack/runtime.rb:17:in `call'
/Users/ascott/Projects/tw/ladygaga/vendor/bundle_gems/ruby/1.8/gems/activesupport-3.0.9/lib/active_support/cache/strategy/local_cache.rb:72:in `call'
/Users/ascott/Projects/tw/ladygaga/vendor/bundle_gems/ruby/1.8/gems/rack-1.2.3/lib/rack/lock.rb:11:in `call'
/Users/ascott/Projects/tw/ladygaga/vendor/bundle_gems/ruby/1.8/gems/rack-1.2.3/lib/rack/lock.rb:11:in `synchronize'
/Users/ascott/Projects/tw/ladygaga/vendor/bundle_gems/ruby/1.8/gems/rack-1.2.3/lib/rack/lock.rb:11:in `call'
/Users/ascott/Projects/tw/ladygaga/vendor/bundle_gems/ruby/1.8/gems/actionpack-3.0.9/lib/action_dispatch/middleware/static.rb:30:in `call'
/Users/ascott/Projects/tw/ladygaga/vendor/bundle_gems/ruby/1.8/gems/railties-3.0.9/lib/rails/application.rb:168:in `call'
/Users/ascott/Projects/tw/ladygaga/vendor/bundle_gems/ruby/1.8/gems/railties-3.0.9/lib/rails/application.rb:77:in `send'
/Users/ascott/Projects/tw/ladygaga/vendor/bundle_gems/ruby/1.8/gems/railties-3.0.9/lib/rails/application.rb:77:in `method_missing'
/Users/ascott/Projects/tw/ladygaga/vendor/bundle_gems/ruby/1.8/gems/railties-3.0.9/lib/rails/rack/log_tailer.rb:14:in `call'
/Users/ascott/Projects/tw/ladygaga/vendor/bundle_gems/ruby/1.8/gems/rack-1.2.3/lib/rack/content_length.rb:13:in `call'
/Users/ascott/Projects/tw/ladygaga/vendor/bundle_gems/ruby/1.8/gems/rack-1.2.3/lib/rack/handler/webrick.rb:52:in `service'
/System/Library/Frameworks/Ruby.framework/Versions/1.8/usr/lib/ruby/1.8/webrick/httpserver.rb:104:in `service'
/System/Library/Frameworks/Ruby.framework/Versions/1.8/usr/lib/ruby/1.8/webrick/httpserver.rb:65:in `run'
/System/Library/Frameworks/Ruby.framework/Versions/1.8/usr/lib/ruby/1.8/webrick/server.rb:173:in `start_thread'
/System/Library/Frameworks/Ruby.framework/Versions/1.8/usr/lib/ruby/1.8/webrick/server.rb:162:in `start'
/System/Library/Frameworks/Ruby.framework/Versions/1.8/usr/lib/ruby/1.8/webrick/server.rb:162:in `start_thread'
/System/Library/Frameworks/Ruby.framework/Versions/1.8/usr/lib/ruby/1.8/webrick/server.rb:95:in `start'
/System/Library/Frameworks/Ruby.framework/Versions/1.8/usr/lib/ruby/1.8/webrick/server.rb:92:in `each'
/System/Library/Frameworks/Ruby.framework/Versions/1.8/usr/lib/ruby/1.8/webrick/server.rb:92:in `start'
/System/Library/Frameworks/Ruby.framework/Versions/1.8/usr/lib/ruby/1.8/webrick/server.rb:23:in `start'
/System/Library/Frameworks/Ruby.framework/Versions/1.8/usr/lib/ruby/1.8/webrick/server.rb:82:in `start'
/Users/ascott/Projects/tw/ladygaga/vendor/bundle_gems/ruby/1.8/gems/rack-1.2.3/lib/rack/handler/webrick.rb:13:in `run'
/Users/ascott/Projects/tw/ladygaga/vendor/bundle_gems/ruby/1.8/gems/rack-1.2.3/lib/rack/server.rb:217:in `start'
/Users/ascott/Projects/tw/ladygaga/vendor/bundle_gems/ruby/1.8/gems/railties-3.0.9/lib/rails/commands/server.rb:65:in `start'
/Users/ascott/Projects/tw/ladygaga/vendor/bundle_gems/ruby/1.8/gems/railties-3.0.9/lib/rails/commands.rb:30
/Users/ascott/Projects/tw/ladygaga/vendor/bundle_gems/ruby/1.8/gems/railties-3.0.9/lib/rails/commands.rb:27:in `tap'
/Users/ascott/Projects/tw/ladygaga/vendor/bundle_gems/ruby/1.8/gems/railties-3.0.9/lib/rails/commands.rb:27
script/rails:6:in `require'
script/rails:6
Rendered login/index.html.erb within layouts/application (1.1ms)
Completed 500 Internal Server Error in 7ms

ActionView::Template::Error (compile error
/Users/ascott/Projects/tw/ladygaga/app/views/login/index.html.erb:6: syntax error, unexpected tREGEXP_BEG, expecting kDO or '{' or '('
...tput_buffer.safe_concat('<br />
                              ^
/Users/ascott/Projects/tw/ladygaga/app/views/login/index.html.erb:12: unmatched ): />
'); else
   # you must explicitly request permissions for facebook user fields.
   # here we instruct facebook to ask the user for permission for our website
   # to access the user's facebook email and birthday
   
@output_buffer.safe_concat('  ');@output_buffer.append= ( fb_login_and_redirect('http:/
/Users/ascott/Projects/tw/ladygaga/app/views/login/index.html.erb:12: syntax error, unexpected tSYMBEG, expecting kDO or '{' or '('
...nd_redirect('http://localhost:3000/', :perms => 'email,user_...
                              ^
/Users/ascott/Projects/tw/ladygaga/app/views/login/index.html.erb:12: syntax error, unexpected tIDENTIFIER, expecting ')'
...lhost:3000/', :perms => 'email,user_birthday') );@output_buf...
                              ^
/Users/ascott/Projects/tw/ladygaga/app/views/login/index.html.erb:12: syntax error, unexpected tSTRING_BEG, expecting kDO or '{' or '('
...perms => 'email,user_birthday') );@output_buffer.safe_concat...
                              ^
/Users/ascott/Projects/tw/ladygaga/app/views/login/index.html.erb:13: unterminated string meets end of file
/Users/ascott/Projects/tw/ladygaga/app/views/login/index.html.erb:13: syntax error, unexpected $end, expecting ')'):
    3:   <%= "Welcome #{current_facebook_user.first_name} #{current_facebook_user.last_name}!" %>
    4:   or 
    5:   <%= "Hello #{fb_name(current_facebook_user, :useyou => false)}!" # link to facebook profile %>
    6:   <%= fb_logout_link("Logout of fb", request.url) %><br />
    7: <% else
    8:    # you must explicitly request permissions for facebook user fields.
    9:    # here we instruct facebook to ask the user for permission for our website
  app/views/login/index.html.erb:13:in `compile'

Rendered vendor/bundle_gems/ruby/1.8/gems/actionpack-3.0.9/lib/action_dispatch/middleware/templates/rescues/_trace.erb (1.1ms)
Rendered vendor/bundle_gems/ruby/1.8/gems/actionpack-3.0.9/lib/action_dispatch/middleware/templates/rescues/_request_and_response.erb (3.7ms)
Rendered vendor/bundle_gems/ruby/1.8/gems/actionpack-3.0.9/lib/action_dispatch/middleware/templates/rescues/template_error.erb within rescues/layout (10.3ms)


Started GET "/login" for 127.0.0.1 at Sat Aug 06 12:46:35 +0800 2011
  Processing by LoginController#index as HTML
Rendered login/index.html.erb within layouts/application (2.6ms)
Completed 200 OK in 8ms (Views: 7.7ms | ActiveRecord: 0.0ms)


Started GET "/login" for 127.0.0.1 at Sat Aug 06 12:46:49 +0800 2011
  Processing by LoginController#index as HTML
ERROR: compiling _app_views_login_index_html_erb__2134348163_2182583460_0 RAISED compile error
/Users/ascott/Projects/tw/ladygaga/app/views/login/index.html.erb:10: syntax error, unexpected tIDENTIFIER, expecting ')'
   # to access the user's facebook email and birthday
                         ^
/Users/ascott/Projects/tw/ladygaga/app/views/login/index.html.erb:13: syntax error, unexpected kEND, expecting ')'
'); end ;@output_buffer.to_s
       ^
/Users/ascott/Projects/tw/ladygaga/app/views/login/index.html.erb:14: syntax error, unexpected kENSURE, expecting ')'
/Users/ascott/Projects/tw/ladygaga/app/views/login/index.html.erb:16: syntax error, unexpected kEND, expecting ')'
Function body:           def _app_views_login_index_html_erb__2134348163_2182583460_0(local_assigns)
            _old_virtual_path, @_virtual_path = @_virtual_path, "login/index";_old_output_buffer = @output_buffer;;@output_buffer = ActionView::OutputBuffer.new;@output_buffer.append= ( fb_connect_async_js );@output_buffer.safe_concat('
'); if current_facebook_user 
@output_buffer.safe_concat('  ');@output_buffer.append= ( "Welcome #{current_facebook_user.first_name} #{current_facebook_user.last_name}!" );@output_buffer.safe_concat('
');@output_buffer.safe_concat('  or 
  ');@output_buffer.append= ( "Hello #{fb_name(current_facebook_user, :useyou => false)}!" # link to facebook profile );@output_buffer.safe_concat('
');@output_buffer.safe_concat('
'); else
   # you must explicitly request permissions for facebook user fields.
   # here we instruct facebook to ask the user for permission for our website
   # to access the user's facebook email and birthday
   
@output_buffer.safe_concat('  ');@output_buffer.append= ( fb_login_and_redirect('http://localhost:3000/', :perms => 'email,user_birthday') );@output_buffer.safe_concat('
'); end ;@output_buffer.to_s
          ensure
            @_virtual_path, @output_buffer = _old_virtual_path, _old_output_buffer
          end
Backtrace: /Users/ascott/Projects/tw/ladygaga/app/views/login/index.html.erb:16:in `compile'
/Users/ascott/Projects/tw/ladygaga/vendor/bundle_gems/ruby/1.8/gems/actionpack-3.0.9/lib/action_view/template.rb:134:in `render'
/Users/ascott/Projects/tw/ladygaga/vendor/bundle_gems/ruby/1.8/gems/activesupport-3.0.9/lib/active_support/notifications.rb:54:in `instrument'
/Users/ascott/Projects/tw/ladygaga/vendor/bundle_gems/ruby/1.8/gems/actionpack-3.0.9/lib/action_view/template.rb:127:in `render'
/Users/ascott/Projects/tw/ladygaga/vendor/bundle_gems/ruby/1.8/gems/actionpack-3.0.9/lib/action_view/render/rendering.rb:59:in `_render_template'
/Users/ascott/Projects/tw/ladygaga/vendor/bundle_gems/ruby/1.8/gems/activesupport-3.0.9/lib/active_support/notifications.rb:52:in `instrument'
/Users/ascott/Projects/tw/ladygaga/vendor/bundle_gems/ruby/1.8/gems/activesupport-3.0.9/lib/active_support/notifications/instrumenter.rb:21:in `instrument'
/Users/ascott/Projects/tw/ladygaga/vendor/bundle_gems/ruby/1.8/gems/activesupport-3.0.9/lib/active_support/notifications.rb:52:in `instrument'
/Users/ascott/Projects/tw/ladygaga/vendor/bundle_gems/ruby/1.8/gems/actionpack-3.0.9/lib/action_view/render/rendering.rb:56:in `_render_template'
/Users/ascott/Projects/tw/ladygaga/vendor/bundle_gems/ruby/1.8/gems/actionpack-3.0.9/lib/action_view/render/rendering.rb:26:in `render'
/Users/ascott/Projects/tw/ladygaga/vendor/bundle_gems/ruby/1.8/gems/actionpack-3.0.9/lib/abstract_controller/rendering.rb:115:in `_render_template'
/Users/ascott/Projects/tw/ladygaga/vendor/bundle_gems/ruby/1.8/gems/actionpack-3.0.9/lib/abstract_controller/rendering.rb:109:in `render_to_body'
/Users/ascott/Projects/tw/ladygaga/vendor/bundle_gems/ruby/1.8/gems/actionpack-3.0.9/lib/action_controller/metal/renderers.rb:47:in `render_to_body'
/Users/ascott/Projects/tw/ladygaga/vendor/bundle_gems/ruby/1.8/gems/actionpack-3.0.9/lib/action_controller/metal/compatibility.rb:55:in `render_to_body'
/Users/ascott/Projects/tw/ladygaga/vendor/bundle_gems/ruby/1.8/gems/actionpack-3.0.9/lib/abstract_controller/rendering.rb:102:in `render_to_string'
/Users/ascott/Projects/tw/ladygaga/vendor/bundle_gems/ruby/1.8/gems/actionpack-3.0.9/lib/abstract_controller/rendering.rb:93:in `render'
/Users/ascott/Projects/tw/ladygaga/vendor/bundle_gems/ruby/1.8/gems/actionpack-3.0.9/lib/action_controller/metal/rendering.rb:17:in `render'
/Users/ascott/Projects/tw/ladygaga/vendor/bundle_gems/ruby/1.8/gems/actionpack-3.0.9/lib/action_controller/metal/instrumentation.rb:40:in `render'
/Users/ascott/Projects/tw/ladygaga/vendor/bundle_gems/ruby/1.8/gems/activesupport-3.0.9/lib/active_support/core_ext/benchmark.rb:5:in `ms'
/System/Library/Frameworks/Ruby.framework/Versions/1.8/usr/lib/ruby/1.8/benchmark.rb:308:in `realtime'
/Users/ascott/Projects/tw/ladygaga/vendor/bundle_gems/ruby/1.8/gems/activesupport-3.0.9/lib/active_support/core_ext/benchmark.rb:5:in `ms'
/Users/ascott/Projects/tw/ladygaga/vendor/bundle_gems/ruby/1.8/gems/actionpack-3.0.9/lib/action_controller/metal/instrumentation.rb:40:in `render'
/Users/ascott/Projects/tw/ladygaga/vendor/bundle_gems/ruby/1.8/gems/actionpack-3.0.9/lib/action_controller/metal/instrumentation.rb:78:in `cleanup_view_runtime'
/Users/ascott/Projects/tw/ladygaga/vendor/bundle_gems/ruby/1.8/gems/activerecord-3.0.9/lib/active_record/railties/controller_runtime.rb:15:in `cleanup_view_runtime'
/Users/ascott/Projects/tw/ladygaga/vendor/bundle_gems/ruby/1.8/gems/actionpack-3.0.9/lib/action_controller/metal/instrumentation.rb:39:in `render'
/Users/ascott/Projects/tw/ladygaga/vendor/bundle_gems/ruby/1.8/gems/actionpack-3.0.9/lib/action_controller/metal/implicit_render.rb:10:in `default_render'
/Users/ascott/Projects/tw/ladygaga/vendor/bundle_gems/ruby/1.8/gems/actionpack-3.0.9/lib/action_controller/metal/implicit_render.rb:5:in `send_action'
/Users/ascott/Projects/tw/ladygaga/vendor/bundle_gems/ruby/1.8/gems/actionpack-3.0.9/lib/abstract_controller/base.rb:150:in `process_action'
/Users/ascott/Projects/tw/ladygaga/vendor/bundle_gems/ruby/1.8/gems/actionpack-3.0.9/lib/action_controller/metal/rendering.rb:11:in `process_action'
/Users/ascott/Projects/tw/ladygaga/vendor/bundle_gems/ruby/1.8/gems/actionpack-3.0.9/lib/abstract_controller/callbacks.rb:18:in `process_action'
/Users/ascott/Projects/tw/ladygaga/vendor/bundle_gems/ruby/1.8/gems/activesupport-3.0.9/lib/active_support/callbacks.rb:436:in `_run__1761338563__process_action__199225275__callbacks'
/Users/ascott/Projects/tw/ladygaga/vendor/bundle_gems/ruby/1.8/gems/activesupport-3.0.9/lib/active_support/callbacks.rb:410:in `send'
/Users/ascott/Projects/tw/ladygaga/vendor/bundle_gems/ruby/1.8/gems/activesupport-3.0.9/lib/active_support/callbacks.rb:410:in `_run_process_action_callbacks'
/Users/ascott/Projects/tw/ladygaga/vendor/bundle_gems/ruby/1.8/gems/activesupport-3.0.9/lib/active_support/callbacks.rb:94:in `send'
/Users/ascott/Projects/tw/ladygaga/vendor/bundle_gems/ruby/1.8/gems/activesupport-3.0.9/lib/active_support/callbacks.rb:94:in `run_callbacks'
/Users/ascott/Projects/tw/ladygaga/vendor/bundle_gems/ruby/1.8/gems/actionpack-3.0.9/lib/abstract_controller/callbacks.rb:17:in `process_action'
/Users/ascott/Projects/tw/ladygaga/vendor/bundle_gems/ruby/1.8/gems/actionpack-3.0.9/lib/action_controller/metal/instrumentation.rb:30:in `process_action'
/Users/ascott/Projects/tw/ladygaga/vendor/bundle_gems/ruby/1.8/gems/activesupport-3.0.9/lib/active_support/notifications.rb:52:in `instrument'
/Users/ascott/Projects/tw/ladygaga/vendor/bundle_gems/ruby/1.8/gems/activesupport-3.0.9/lib/active_support/notifications/instrumenter.rb:21:in `instrument'
/Users/ascott/Projects/tw/ladygaga/vendor/bundle_gems/ruby/1.8/gems/activesupport-3.0.9/lib/active_support/notifications.rb:52:in `instrument'
/Users/ascott/Projects/tw/ladygaga/vendor/bundle_gems/ruby/1.8/gems/actionpack-3.0.9/lib/action_controller/metal/instrumentation.rb:29:in `process_action'
/Users/ascott/Projects/tw/ladygaga/vendor/bundle_gems/ruby/1.8/gems/actionpack-3.0.9/lib/action_controller/metal/rescue.rb:17:in `process_action'
/Users/ascott/Projects/tw/ladygaga/vendor/bundle_gems/ruby/1.8/gems/actionpack-3.0.9/lib/abstract_controller/base.rb:119:in `process'
/Users/ascott/Projects/tw/ladygaga/vendor/bundle_gems/ruby/1.8/gems/actionpack-3.0.9/lib/abstract_controller/rendering.rb:41:in `process'
/Users/ascott/Projects/tw/ladygaga/vendor/bundle_gems/ruby/1.8/gems/actionpack-3.0.9/lib/action_controller/metal.rb:138:in `dispatch'
/Users/ascott/Projects/tw/ladygaga/vendor/bundle_gems/ruby/1.8/gems/actionpack-3.0.9/lib/action_controller/metal/rack_delegation.rb:14:in `dispatch'
/Users/ascott/Projects/tw/ladygaga/vendor/bundle_gems/ruby/1.8/gems/actionpack-3.0.9/lib/action_controller/metal.rb:178:in `action'
/Users/ascott/Projects/tw/ladygaga/vendor/bundle_gems/ruby/1.8/gems/actionpack-3.0.9/lib/action_dispatch/routing/route_set.rb:62:in `call'
/Users/ascott/Projects/tw/ladygaga/vendor/bundle_gems/ruby/1.8/gems/actionpack-3.0.9/lib/action_dispatch/routing/route_set.rb:62:in `dispatch'
/Users/ascott/Projects/tw/ladygaga/vendor/bundle_gems/ruby/1.8/gems/actionpack-3.0.9/lib/action_dispatch/routing/route_set.rb:27:in `call'
/Users/ascott/Projects/tw/ladygaga/vendor/bundle_gems/ruby/1.8/gems/rack-mount-0.6.14/lib/rack/mount/route_set.rb:148:in `call'
/Users/ascott/Projects/tw/ladygaga/vendor/bundle_gems/ruby/1.8/gems/rack-mount-0.6.14/lib/rack/mount/code_generation.rb:93:in `recognize'
/Users/ascott/Projects/tw/ladygaga/vendor/bundle_gems/ruby/1.8/gems/rack-mount-0.6.14/lib/rack/mount/code_generation.rb:68:in `optimized_each'
/Users/ascott/Projects/tw/ladygaga/vendor/bundle_gems/ruby/1.8/gems/rack-mount-0.6.14/lib/rack/mount/code_generation.rb:92:in `recognize'
/Users/ascott/Projects/tw/ladygaga/vendor/bundle_gems/ruby/1.8/gems/rack-mount-0.6.14/lib/rack/mount/route_set.rb:139:in `call'
/Users/ascott/Projects/tw/ladygaga/vendor/bundle_gems/ruby/1.8/gems/actionpack-3.0.9/lib/action_dispatch/routing/route_set.rb:493:in `call'
/Users/ascott/Projects/tw/ladygaga/vendor/bundle_gems/ruby/1.8/gems/actionpack-3.0.9/lib/action_dispatch/middleware/best_standards_support.rb:17:in `call'
/Users/ascott/Projects/tw/ladygaga/vendor/bundle_gems/ruby/1.8/gems/actionpack-3.0.9/lib/action_dispatch/middleware/head.rb:14:in `call'
/Users/ascott/Projects/tw/ladygaga/vendor/bundle_gems/ruby/1.8/gems/rack-1.2.3/lib/rack/methodoverride.rb:24:in `call'
/Users/ascott/Projects/tw/ladygaga/vendor/bundle_gems/ruby/1.8/gems/actionpack-3.0.9/lib/action_dispatch/middleware/params_parser.rb:21:in `call'
/Users/ascott/Projects/tw/ladygaga/vendor/bundle_gems/ruby/1.8/gems/actionpack-3.0.9/lib/action_dispatch/middleware/flash.rb:182:in `call'
/Users/ascott/Projects/tw/ladygaga/vendor/bundle_gems/ruby/1.8/gems/actionpack-3.0.9/lib/action_dispatch/middleware/session/abstract_store.rb:149:in `call'
/Users/ascott/Projects/tw/ladygaga/vendor/bundle_gems/ruby/1.8/gems/actionpack-3.0.9/lib/action_dispatch/middleware/cookies.rb:302:in `call'
/Users/ascott/Projects/tw/ladygaga/vendor/bundle_gems/ruby/1.8/gems/activerecord-3.0.9/lib/active_record/query_cache.rb:32:in `call'
/Users/ascott/Projects/tw/ladygaga/vendor/bundle_gems/ruby/1.8/gems/activerecord-3.0.9/lib/active_record/connection_adapters/abstract/query_cache.rb:28:in `cache'
/Users/ascott/Projects/tw/ladygaga/vendor/bundle_gems/ruby/1.8/gems/activerecord-3.0.9/lib/active_record/query_cache.rb:12:in `cache'
/Users/ascott/Projects/tw/ladygaga/vendor/bundle_gems/ruby/1.8/gems/activerecord-3.0.9/lib/active_record/query_cache.rb:31:in `call'
/Users/ascott/Projects/tw/ladygaga/vendor/bundle_gems/ruby/1.8/gems/activerecord-3.0.9/lib/active_record/connection_adapters/abstract/connection_pool.rb:354:in `call'
/Users/ascott/Projects/tw/ladygaga/vendor/bundle_gems/ruby/1.8/gems/actionpack-3.0.9/lib/action_dispatch/middleware/callbacks.rb:46:in `call'
/Users/ascott/Projects/tw/ladygaga/vendor/bundle_gems/ruby/1.8/gems/activesupport-3.0.9/lib/active_support/callbacks.rb:416:in `_run_call_callbacks'
/Users/ascott/Projects/tw/ladygaga/vendor/bundle_gems/ruby/1.8/gems/actionpack-3.0.9/lib/action_dispatch/middleware/callbacks.rb:44:in `call'
/Users/ascott/Projects/tw/ladygaga/vendor/bundle_gems/ruby/1.8/gems/rack-1.2.3/lib/rack/sendfile.rb:107:in `call'
/Users/ascott/Projects/tw/ladygaga/vendor/bundle_gems/ruby/1.8/gems/actionpack-3.0.9/lib/action_dispatch/middleware/remote_ip.rb:48:in `call'
/Users/ascott/Projects/tw/ladygaga/vendor/bundle_gems/ruby/1.8/gems/actionpack-3.0.9/lib/action_dispatch/middleware/show_exceptions.rb:47:in `call'
/Users/ascott/Projects/tw/ladygaga/vendor/bundle_gems/ruby/1.8/gems/railties-3.0.9/lib/rails/rack/logger.rb:13:in `call'
/Users/ascott/Projects/tw/ladygaga/vendor/bundle_gems/ruby/1.8/gems/rack-1.2.3/lib/rack/runtime.rb:17:in `call'
/Users/ascott/Projects/tw/ladygaga/vendor/bundle_gems/ruby/1.8/gems/activesupport-3.0.9/lib/active_support/cache/strategy/local_cache.rb:72:in `call'
/Users/ascott/Projects/tw/ladygaga/vendor/bundle_gems/ruby/1.8/gems/rack-1.2.3/lib/rack/lock.rb:11:in `call'
/Users/ascott/Projects/tw/ladygaga/vendor/bundle_gems/ruby/1.8/gems/rack-1.2.3/lib/rack/lock.rb:11:in `synchronize'
/Users/ascott/Projects/tw/ladygaga/vendor/bundle_gems/ruby/1.8/gems/rack-1.2.3/lib/rack/lock.rb:11:in `call'
/Users/ascott/Projects/tw/ladygaga/vendor/bundle_gems/ruby/1.8/gems/actionpack-3.0.9/lib/action_dispatch/middleware/static.rb:30:in `call'
/Users/ascott/Projects/tw/ladygaga/vendor/bundle_gems/ruby/1.8/gems/railties-3.0.9/lib/rails/application.rb:168:in `call'
/Users/ascott/Projects/tw/ladygaga/vendor/bundle_gems/ruby/1.8/gems/railties-3.0.9/lib/rails/application.rb:77:in `send'
/Users/ascott/Projects/tw/ladygaga/vendor/bundle_gems/ruby/1.8/gems/railties-3.0.9/lib/rails/application.rb:77:in `method_missing'
/Users/ascott/Projects/tw/ladygaga/vendor/bundle_gems/ruby/1.8/gems/railties-3.0.9/lib/rails/rack/log_tailer.rb:14:in `call'
/Users/ascott/Projects/tw/ladygaga/vendor/bundle_gems/ruby/1.8/gems/rack-1.2.3/lib/rack/content_length.rb:13:in `call'
/Users/ascott/Projects/tw/ladygaga/vendor/bundle_gems/ruby/1.8/gems/rack-1.2.3/lib/rack/handler/webrick.rb:52:in `service'
/System/Library/Frameworks/Ruby.framework/Versions/1.8/usr/lib/ruby/1.8/webrick/httpserver.rb:104:in `service'
/System/Library/Frameworks/Ruby.framework/Versions/1.8/usr/lib/ruby/1.8/webrick/httpserver.rb:65:in `run'
/System/Library/Frameworks/Ruby.framework/Versions/1.8/usr/lib/ruby/1.8/webrick/server.rb:173:in `start_thread'
/System/Library/Frameworks/Ruby.framework/Versions/1.8/usr/lib/ruby/1.8/webrick/server.rb:162:in `start'
/System/Library/Frameworks/Ruby.framework/Versions/1.8/usr/lib/ruby/1.8/webrick/server.rb:162:in `start_thread'
/System/Library/Frameworks/Ruby.framework/Versions/1.8/usr/lib/ruby/1.8/webrick/server.rb:95:in `start'
/System/Library/Frameworks/Ruby.framework/Versions/1.8/usr/lib/ruby/1.8/webrick/server.rb:92:in `each'
/System/Library/Frameworks/Ruby.framework/Versions/1.8/usr/lib/ruby/1.8/webrick/server.rb:92:in `start'
/System/Library/Frameworks/Ruby.framework/Versions/1.8/usr/lib/ruby/1.8/webrick/server.rb:23:in `start'
/System/Library/Frameworks/Ruby.framework/Versions/1.8/usr/lib/ruby/1.8/webrick/server.rb:82:in `start'
/Users/ascott/Projects/tw/ladygaga/vendor/bundle_gems/ruby/1.8/gems/rack-1.2.3/lib/rack/handler/webrick.rb:13:in `run'
/Users/ascott/Projects/tw/ladygaga/vendor/bundle_gems/ruby/1.8/gems/rack-1.2.3/lib/rack/server.rb:217:in `start'
/Users/ascott/Projects/tw/ladygaga/vendor/bundle_gems/ruby/1.8/gems/railties-3.0.9/lib/rails/commands/server.rb:65:in `start'
/Users/ascott/Projects/tw/ladygaga/vendor/bundle_gems/ruby/1.8/gems/railties-3.0.9/lib/rails/commands.rb:30
/Users/ascott/Projects/tw/ladygaga/vendor/bundle_gems/ruby/1.8/gems/railties-3.0.9/lib/rails/commands.rb:27:in `tap'
/Users/ascott/Projects/tw/ladygaga/vendor/bundle_gems/ruby/1.8/gems/railties-3.0.9/lib/rails/commands.rb:27
script/rails:6:in `require'
script/rails:6
Rendered login/index.html.erb within layouts/application (0.9ms)
Completed 500 Internal Server Error in 7ms

ActionView::Template::Error (compile error
/Users/ascott/Projects/tw/ladygaga/app/views/login/index.html.erb:10: syntax error, unexpected tIDENTIFIER, expecting ')'
   # to access the user's facebook email and birthday
                         ^
/Users/ascott/Projects/tw/ladygaga/app/views/login/index.html.erb:13: syntax error, unexpected kEND, expecting ')'
'); end ;@output_buffer.to_s
       ^
/Users/ascott/Projects/tw/ladygaga/app/views/login/index.html.erb:14: syntax error, unexpected kENSURE, expecting ')'
/Users/ascott/Projects/tw/ladygaga/app/views/login/index.html.erb:16: syntax error, unexpected kEND, expecting ')'):
    7: <% else
    8:    # you must explicitly request permissions for facebook user fields.
    9:    # here we instruct facebook to ask the user for permission for our website
    10:    # to access the user's facebook email and birthday
    11:    %>
    12:   <%= fb_login_and_redirect('http://localhost:3000/', :perms => 'email,user_birthday') %>
    13: <% end %>
  app/views/login/index.html.erb:16:in `compile'

Rendered vendor/bundle_gems/ruby/1.8/gems/actionpack-3.0.9/lib/action_dispatch/middleware/templates/rescues/_trace.erb (1.0ms)
Rendered vendor/bundle_gems/ruby/1.8/gems/actionpack-3.0.9/lib/action_dispatch/middleware/templates/rescues/_request_and_response.erb (4.3ms)
Rendered vendor/bundle_gems/ruby/1.8/gems/actionpack-3.0.9/lib/action_dispatch/middleware/templates/rescues/template_error.erb within rescues/layout (10.5ms)


Started GET "/login" for 127.0.0.1 at Sat Aug 06 12:47:02 +0800 2011
  Processing by LoginController#index as HTML
Rendered login/index.html.erb within layouts/application (2.9ms)
Completed 200 OK in 9ms (Views: 8.6ms | ActiveRecord: 0.0ms)


Started GET "/login" for 127.0.0.1 at Sat Aug 06 12:47:23 +0800 2011
  Processing by LoginController#index as HTML
Rendered login/index.html.erb within layouts/application (2.7ms)
Completed 200 OK in 8ms (Views: 7.8ms | ActiveRecord: 0.0ms)


Started GET "/login" for 127.0.0.1 at Sat Aug 06 12:48:14 +0800 2011
  Processing by LoginController#index as HTML
Rendered login/index.html.erb within layouts/application (2.7ms)
Completed 200 OK in 8ms (Views: 7.9ms | ActiveRecord: 0.0ms)
